ERROR - 2025-09-24 00:22:14 --> Error connecting to the database: mysqli_sql_exception: Unknown database 'lms_marquez' in C:\xampp\htdocs\ITE311-MARQUEZ\system\Database\MySQLi\Connection.php:201
Stack trace:
#0 C:\xampp\htdocs\ITE311-MARQUEZ\system\Database\MySQLi\Connection.php(201): mysqli->real_connect('localhost', 'root', Object(SensitiveParameterValue), 'lms_marquez', 3306, '', 0)
#1 C:\xampp\htdocs\ITE311-MARQUEZ\system\Database\BaseConnection.php(419): CodeIgniter\Database\MySQLi\Connection->connect(false)
#2 C:\xampp\htdocs\ITE311-MARQUEZ\system\Database\BaseConnection.php(614): CodeIgniter\Database\BaseConnection->initialize()
#3 C:\xampp\htdocs\ITE311-MARQUEZ\system\Database\BaseConnection.php(1525): CodeIgniter\Database\BaseConnection->query('SHOW TABLES FRO...')
#4 C:\xampp\htdocs\ITE311-MARQUEZ\system\Database\BaseConnection.php(1545): CodeIgniter\Database\BaseConnection->listTables()
#5 C:\xampp\htdocs\ITE311-MARQUEZ\system\Database\MigrationRunner.php(768): CodeIgniter\Database\BaseConnection->tableExists('migrations')
#6 C:\xampp\htdocs\ITE311-MARQUEZ\system\Database\MigrationRunner.php(162): CodeIgniter\Database\MigrationRunner->ensureTable()
#7 C:\xampp\htdocs\ITE311-MARQUEZ\system\Commands\Database\Migrate.php(85): CodeIgniter\Database\MigrationRunner->latest(NULL)
#8 C:\xampp\htdocs\ITE311-MARQUEZ\system\CLI\Commands.php(74): CodeIgniter\Commands\Database\Migrate->run(Array)
#9 C:\xampp\htdocs\ITE311-MARQUEZ\system\CLI\Console.php(47): CodeIgniter\CLI\Commands->run('migrate', Array)
#10 C:\xampp\htdocs\ITE311-MARQUEZ\system\Boot.php(388): CodeIgniter\CLI\Console->run()
#11 C:\xampp\htdocs\ITE311-MARQUEZ\system\Boot.php(133): CodeIgniter\Boot::runCommand(Object(CodeIgniter\CLI\Console))
#12 C:\xampp\htdocs\ITE311-MARQUEZ\spark(87): CodeIgniter\Boot::bootSpark(Object(Config\Paths))
#13 {main}

Next CodeIgniter\Database\Exceptions\DatabaseException: Unknown database 'lms_marquez' in C:\xampp\htdocs\ITE311-MARQUEZ\system\Database\MySQLi\Connection.php:246
Stack trace:
#0 C:\xampp\htdocs\ITE311-MARQUEZ\system\Database\BaseConnection.php(419): CodeIgniter\Database\MySQLi\Connection->connect(false)
#1 C:\xampp\htdocs\ITE311-MARQUEZ\system\Database\BaseConnection.php(614): CodeIgniter\Database\BaseConnection->initialize()
#2 C:\xampp\htdocs\ITE311-MARQUEZ\system\Database\BaseConnection.php(1525): CodeIgniter\Database\BaseConnection->query('SHOW TABLES FRO...')
#3 C:\xampp\htdocs\ITE311-MARQUEZ\system\Database\BaseConnection.php(1545): CodeIgniter\Database\BaseConnection->listTables()
#4 C:\xampp\htdocs\ITE311-MARQUEZ\system\Database\MigrationRunner.php(768): CodeIgniter\Database\BaseConnection->tableExists('migrations')
#5 C:\xampp\htdocs\ITE311-MARQUEZ\system\Database\MigrationRunner.php(162): CodeIgniter\Database\MigrationRunner->ensureTable()
#6 C:\xampp\htdocs\ITE311-MARQUEZ\system\Commands\Database\Migrate.php(85): CodeIgniter\Database\MigrationRunner->latest(NULL)
#7 C:\xampp\htdocs\ITE311-MARQUEZ\system\CLI\Commands.php(74): CodeIgniter\Commands\Database\Migrate->run(Array)
#8 C:\xampp\htdocs\ITE311-MARQUEZ\system\CLI\Console.php(47): CodeIgniter\CLI\Commands->run('migrate', Array)
#9 C:\xampp\htdocs\ITE311-MARQUEZ\system\Boot.php(388): CodeIgniter\CLI\Console->run()
#10 C:\xampp\htdocs\ITE311-MARQUEZ\system\Boot.php(133): CodeIgniter\Boot::runCommand(Object(CodeIgniter\CLI\Console))
#11 C:\xampp\htdocs\ITE311-MARQUEZ\spark(87): CodeIgniter\Boot::bootSpark(Object(Config\Paths))
#12 {main}
DEBUG - 2025-09-24 00:24:49 --> Session: Class initialized using 'CodeIgniter\Session\Handlers\FileHandler' driver.
DEBUG - 2025-09-24 00:25:29 --> Session: Class initialized using 'CodeIgniter\Session\Handlers\FileHandler' driver.
DEBUG - 2025-09-24 00:25:30 --> Session: Class initialized using 'CodeIgniter\Session\Handlers\FileHandler' driver.
DEBUG - 2025-09-24 00:25:40 --> Session: Class initialized using 'CodeIgniter\Session\Handlers\FileHandler' driver.
DEBUG - 2025-09-24 00:25:40 --> Session: Class initialized using 'CodeIgniter\Session\Handlers\FileHandler' driver.
ERROR - 2025-09-24 00:25:40 --> mysqli_sql_exception: Unknown column 'c.name' in 'field list' in C:\xampp\htdocs\ITE311-MARQUEZ\system\Database\MySQLi\Connection.php:327
Stack trace:
#0 C:\xampp\htdocs\ITE311-MARQUEZ\system\Database\MySQLi\Connection.php(327): mysqli->query('SELECT `c`.`id`...', 0)
#1 C:\xampp\htdocs\ITE311-MARQUEZ\system\Database\BaseConnection.php(729): CodeIgniter\Database\MySQLi\Connection->execute('SELECT `c`.`id`...')
#2 C:\xampp\htdocs\ITE311-MARQUEZ\system\Database\BaseConnection.php(646): CodeIgniter\Database\BaseConnection->simpleQuery('SELECT `c`.`id`...')
#3 C:\xampp\htdocs\ITE311-MARQUEZ\system\Database\BaseBuilder.php(1649): CodeIgniter\Database\BaseConnection->query('SELECT `c`.`id`...', Array, false)
#4 C:\xampp\htdocs\ITE311-MARQUEZ\app\Controllers\StudentController.php(31): CodeIgniter\Database\BaseBuilder->get()
#5 C:\xampp\htdocs\ITE311-MARQUEZ\system\CodeIgniter.php(933): App\Controllers\StudentController->dashboard()
#6 C:\xampp\htdocs\ITE311-MARQUEZ\system\CodeIgniter.php(507): CodeIgniter\CodeIgniter->runController(Object(App\Controllers\StudentController))
#7 C:\xampp\htdocs\ITE311-MARQUEZ\system\CodeIgniter.php(354): CodeIgniter\CodeIgniter->handleRequest(NULL, Object(Config\Cache), false)
#8 C:\xampp\htdocs\ITE311-MARQUEZ\system\Boot.php(363): CodeIgniter\CodeIgniter->run()
#9 C:\xampp\htdocs\ITE311-MARQUEZ\system\Boot.php(68): CodeIgniter\Boot::runCodeIgniter(Object(CodeIgniter\CodeIgniter))
#10 C:\xampp\htdocs\ITE311-MARQUEZ\public\index.php(59): CodeIgniter\Boot::bootWeb(Object(Config\Paths))
#11 {main}
CRITICAL - 2025-09-24 00:25:40 --> CodeIgniter\Database\Exceptions\DatabaseException: Unknown column 'c.name' in 'field list'
[Method: GET, Route: student/dashboard]
in SYSTEMPATH\Database\BaseConnection.php on line 684.
 1 SYSTEMPATH\Database\BaseBuilder.php(1649): CodeIgniter\Database\BaseConnection->query('SELECT `c`.`id`, `c`.`title`, `c`.`name`, `c`.`description`, `t`.`name` as `teacher_name`
FROM `enrollments` `e`
LEFT JOIN `courses` `c` ON `c`.`id` = `e`.`course_id`
LEFT JOIN `users` `t` ON `t`.`id` = `c`.`teacher_id`
WHERE `e`.`user_id` = :e.user_id:
ORDER BY `c`.`title` ASC', [...], false)
 2 APPPATH\Controllers\StudentController.php(31): CodeIgniter\Database\BaseBuilder->get()
 3 SYSTEMPATH\CodeIgniter.php(933): App\Controllers\StudentController->dashboard()
 4 SYSTEMPATH\CodeIgniter.php(507): CodeIgniter\CodeIgniter->runController(Object(App\Controllers\StudentController))
 5 SYSTEMPATH\CodeIgniter.php(354): CodeIgniter\CodeIgniter->handleRequest(null, Object(Config\Cache), false)
 6 SYSTEMPATH\Boot.php(363): CodeIgniter\CodeIgniter->run()
 7 SYSTEMPATH\Boot.php(68): CodeIgniter\Boot::runCodeIgniter(Object(CodeIgniter\CodeIgniter))
 8 FCPATH\index.php(59): CodeIgniter\Boot::bootWeb(Object(Config\Paths))
CRITICAL - 2025-09-24 00:25:40 --> [Caused by] CodeIgniter\Database\Exceptions\DatabaseException: Unknown column 'c.name' in 'field list'
in SYSTEMPATH\Database\MySQLi\Connection.php on line 332.
 1 SYSTEMPATH\Database\BaseConnection.php(729): CodeIgniter\Database\MySQLi\Connection->execute('SELECT `c`.`id`, `c`.`title`, `c`.`name`, `c`.`description`, `t`.`name` as `teacher_name`
FROM `enrollments` `e`
LEFT JOIN `courses` `c` ON `c`.`id` = `e`.`course_id`
LEFT JOIN `users` `t` ON `t`.`id` = `c`.`teacher_id`
WHERE `e`.`user_id` = 1
ORDER BY `c`.`title` ASC')
 2 SYSTEMPATH\Database\BaseConnection.php(646): CodeIgniter\Database\BaseConnection->simpleQuery('SELECT `c`.`id`, `c`.`title`, `c`.`name`, `c`.`description`, `t`.`name` as `teacher_name`
FROM `enrollments` `e`
LEFT JOIN `courses` `c` ON `c`.`id` = `e`.`course_id`
LEFT JOIN `users` `t` ON `t`.`id` = `c`.`teacher_id`
WHERE `e`.`user_id` = 1
ORDER BY `c`.`title` ASC')
 3 SYSTEMPATH\Database\BaseBuilder.php(1649): CodeIgniter\Database\BaseConnection->query('SELECT `c`.`id`, `c`.`title`, `c`.`name`, `c`.`description`, `t`.`name` as `teacher_name`
FROM `enrollments` `e`
LEFT JOIN `courses` `c` ON `c`.`id` = `e`.`course_id`
LEFT JOIN `users` `t` ON `t`.`id` = `c`.`teacher_id`
WHERE `e`.`user_id` = :e.user_id:
ORDER BY `c`.`title` ASC', [...], false)
 4 APPPATH\Controllers\StudentController.php(31): CodeIgniter\Database\BaseBuilder->get()
 5 SYSTEMPATH\CodeIgniter.php(933): App\Controllers\StudentController->dashboard()
 6 SYSTEMPATH\CodeIgniter.php(507): CodeIgniter\CodeIgniter->runController(Object(App\Controllers\StudentController))
 7 SYSTEMPATH\CodeIgniter.php(354): CodeIgniter\CodeIgniter->handleRequest(null, Object(Config\Cache), false)
 8 SYSTEMPATH\Boot.php(363): CodeIgniter\CodeIgniter->run()
 9 SYSTEMPATH\Boot.php(68): CodeIgniter\Boot::runCodeIgniter(Object(CodeIgniter\CodeIgniter))
10 FCPATH\index.php(59): CodeIgniter\Boot::bootWeb(Object(Config\Paths))
CRITICAL - 2025-09-24 00:25:40 --> [Caused by] mysqli_sql_exception: Unknown column 'c.name' in 'field list'
in SYSTEMPATH\Database\MySQLi\Connection.php on line 327.
 1 SYSTEMPATH\Database\MySQLi\Connection.php(327): mysqli->query('SELECT `c`.`id`, `c`.`title`, `c`.`name`, `c`.`description`, `t`.`name` as `teacher_name`
FROM `enrollments` `e`
LEFT JOIN `courses` `c` ON `c`.`id` = `e`.`course_id`
LEFT JOIN `users` `t` ON `t`.`id` = `c`.`teacher_id`
WHERE `e`.`user_id` = 1
ORDER BY `c`.`title` ASC', 0)
 2 SYSTEMPATH\Database\BaseConnection.php(729): CodeIgniter\Database\MySQLi\Connection->execute('SELECT `c`.`id`, `c`.`title`, `c`.`name`, `c`.`description`, `t`.`name` as `teacher_name`
FROM `enrollments` `e`
LEFT JOIN `courses` `c` ON `c`.`id` = `e`.`course_id`
LEFT JOIN `users` `t` ON `t`.`id` = `c`.`teacher_id`
WHERE `e`.`user_id` = 1
ORDER BY `c`.`title` ASC')
 3 SYSTEMPATH\Database\BaseConnection.php(646): CodeIgniter\Database\BaseConnection->simpleQuery('SELECT `c`.`id`, `c`.`title`, `c`.`name`, `c`.`description`, `t`.`name` as `teacher_name`
FROM `enrollments` `e`
LEFT JOIN `courses` `c` ON `c`.`id` = `e`.`course_id`
LEFT JOIN `users` `t` ON `t`.`id` = `c`.`teacher_id`
WHERE `e`.`user_id` = 1
ORDER BY `c`.`title` ASC')
 4 SYSTEMPATH\Database\BaseBuilder.php(1649): CodeIgniter\Database\BaseConnection->query('SELECT `c`.`id`, `c`.`title`, `c`.`name`, `c`.`description`, `t`.`name` as `teacher_name`
FROM `enrollments` `e`
LEFT JOIN `courses` `c` ON `c`.`id` = `e`.`course_id`
LEFT JOIN `users` `t` ON `t`.`id` = `c`.`teacher_id`
WHERE `e`.`user_id` = :e.user_id:
ORDER BY `c`.`title` ASC', [...], false)
 5 APPPATH\Controllers\StudentController.php(31): CodeIgniter\Database\BaseBuilder->get()
 6 SYSTEMPATH\CodeIgniter.php(933): App\Controllers\StudentController->dashboard()
 7 SYSTEMPATH\CodeIgniter.php(507): CodeIgniter\CodeIgniter->runController(Object(App\Controllers\StudentController))
 8 SYSTEMPATH\CodeIgniter.php(354): CodeIgniter\CodeIgniter->handleRequest(null, Object(Config\Cache), false)
 9 SYSTEMPATH\Boot.php(363): CodeIgniter\CodeIgniter->run()
10 SYSTEMPATH\Boot.php(68): CodeIgniter\Boot::runCodeIgniter(Object(CodeIgniter\CodeIgniter))
11 FCPATH\index.php(59): CodeIgniter\Boot::bootWeb(Object(Config\Paths))
DEBUG - 2025-09-24 09:47:27 --> Session: Class initialized using 'CodeIgniter\Session\Handlers\FileHandler' driver.
DEBUG - 2025-09-24 09:47:29 --> Session: Class initialized using 'CodeIgniter\Session\Handlers\FileHandler' driver.
DEBUG - 2025-09-24 09:47:30 --> Session: Class initialized using 'CodeIgniter\Session\Handlers\FileHandler' driver.
DEBUG - 2025-09-24 09:47:33 --> Session: Class initialized using 'CodeIgniter\Session\Handlers\FileHandler' driver.
DEBUG - 2025-09-24 09:47:36 --> Session: Class initialized using 'CodeIgniter\Session\Handlers\FileHandler' driver.
DEBUG - 2025-09-24 09:47:47 --> Session: Class initialized using 'CodeIgniter\Session\Handlers\FileHandler' driver.
DEBUG - 2025-09-24 09:47:47 --> Session: Class initialized using 'CodeIgniter\Session\Handlers\FileHandler' driver.
ERROR - 2025-09-24 09:47:47 --> mysqli_sql_exception: Unknown column 'c.name' in 'field list' in C:\xampp\htdocs\ITE311-MARQUEZ\system\Database\MySQLi\Connection.php:327
Stack trace:
#0 C:\xampp\htdocs\ITE311-MARQUEZ\system\Database\MySQLi\Connection.php(327): mysqli->query('SELECT `c`.`id`...', 0)
#1 C:\xampp\htdocs\ITE311-MARQUEZ\system\Database\BaseConnection.php(729): CodeIgniter\Database\MySQLi\Connection->execute('SELECT `c`.`id`...')
#2 C:\xampp\htdocs\ITE311-MARQUEZ\system\Database\BaseConnection.php(646): CodeIgniter\Database\BaseConnection->simpleQuery('SELECT `c`.`id`...')
#3 C:\xampp\htdocs\ITE311-MARQUEZ\system\Database\BaseBuilder.php(1649): CodeIgniter\Database\BaseConnection->query('SELECT `c`.`id`...', Array, false)
#4 C:\xampp\htdocs\ITE311-MARQUEZ\app\Controllers\StudentController.php(31): CodeIgniter\Database\BaseBuilder->get()
#5 C:\xampp\htdocs\ITE311-MARQUEZ\system\CodeIgniter.php(933): App\Controllers\StudentController->dashboard()
#6 C:\xampp\htdocs\ITE311-MARQUEZ\system\CodeIgniter.php(507): CodeIgniter\CodeIgniter->runController(Object(App\Controllers\StudentController))
#7 C:\xampp\htdocs\ITE311-MARQUEZ\system\CodeIgniter.php(354): CodeIgniter\CodeIgniter->handleRequest(NULL, Object(Config\Cache), false)
#8 C:\xampp\htdocs\ITE311-MARQUEZ\system\Boot.php(363): CodeIgniter\CodeIgniter->run()
#9 C:\xampp\htdocs\ITE311-MARQUEZ\system\Boot.php(68): CodeIgniter\Boot::runCodeIgniter(Object(CodeIgniter\CodeIgniter))
#10 C:\xampp\htdocs\ITE311-MARQUEZ\public\index.php(59): CodeIgniter\Boot::bootWeb(Object(Config\Paths))
#11 {main}
CRITICAL - 2025-09-24 09:47:47 --> CodeIgniter\Database\Exceptions\DatabaseException: Unknown column 'c.name' in 'field list'
[Method: GET, Route: student/dashboard]
in SYSTEMPATH\Database\BaseConnection.php on line 684.
 1 SYSTEMPATH\Database\BaseBuilder.php(1649): CodeIgniter\Database\BaseConnection->query('SELECT `c`.`id`, `c`.`title`, `c`.`name`, `c`.`description`, `t`.`name` as `teacher_name`
FROM `enrollments` `e`
LEFT JOIN `courses` `c` ON `c`.`id` = `e`.`course_id`
LEFT JOIN `users` `t` ON `t`.`id` = `c`.`teacher_id`
WHERE `e`.`user_id` = :e.user_id:
ORDER BY `c`.`title` ASC', [...], false)
 2 APPPATH\Controllers\StudentController.php(31): CodeIgniter\Database\BaseBuilder->get()
 3 SYSTEMPATH\CodeIgniter.php(933): App\Controllers\StudentController->dashboard()
 4 SYSTEMPATH\CodeIgniter.php(507): CodeIgniter\CodeIgniter->runController(Object(App\Controllers\StudentController))
 5 SYSTEMPATH\CodeIgniter.php(354): CodeIgniter\CodeIgniter->handleRequest(null, Object(Config\Cache), false)
 6 SYSTEMPATH\Boot.php(363): CodeIgniter\CodeIgniter->run()
 7 SYSTEMPATH\Boot.php(68): CodeIgniter\Boot::runCodeIgniter(Object(CodeIgniter\CodeIgniter))
 8 FCPATH\index.php(59): CodeIgniter\Boot::bootWeb(Object(Config\Paths))
CRITICAL - 2025-09-24 09:47:47 --> [Caused by] CodeIgniter\Database\Exceptions\DatabaseException: Unknown column 'c.name' in 'field list'
in SYSTEMPATH\Database\MySQLi\Connection.php on line 332.
 1 SYSTEMPATH\Database\BaseConnection.php(729): CodeIgniter\Database\MySQLi\Connection->execute('SELECT `c`.`id`, `c`.`title`, `c`.`name`, `c`.`description`, `t`.`name` as `teacher_name`
FROM `enrollments` `e`
LEFT JOIN `courses` `c` ON `c`.`id` = `e`.`course_id`
LEFT JOIN `users` `t` ON `t`.`id` = `c`.`teacher_id`
WHERE `e`.`user_id` = 2
ORDER BY `c`.`title` ASC')
 2 SYSTEMPATH\Database\BaseConnection.php(646): CodeIgniter\Database\BaseConnection->simpleQuery('SELECT `c`.`id`, `c`.`title`, `c`.`name`, `c`.`description`, `t`.`name` as `teacher_name`
FROM `enrollments` `e`
LEFT JOIN `courses` `c` ON `c`.`id` = `e`.`course_id`
LEFT JOIN `users` `t` ON `t`.`id` = `c`.`teacher_id`
WHERE `e`.`user_id` = 2
ORDER BY `c`.`title` ASC')
 3 SYSTEMPATH\Database\BaseBuilder.php(1649): CodeIgniter\Database\BaseConnection->query('SELECT `c`.`id`, `c`.`title`, `c`.`name`, `c`.`description`, `t`.`name` as `teacher_name`
FROM `enrollments` `e`
LEFT JOIN `courses` `c` ON `c`.`id` = `e`.`course_id`
LEFT JOIN `users` `t` ON `t`.`id` = `c`.`teacher_id`
WHERE `e`.`user_id` = :e.user_id:
ORDER BY `c`.`title` ASC', [...], false)
 4 APPPATH\Controllers\StudentController.php(31): CodeIgniter\Database\BaseBuilder->get()
 5 SYSTEMPATH\CodeIgniter.php(933): App\Controllers\StudentController->dashboard()
 6 SYSTEMPATH\CodeIgniter.php(507): CodeIgniter\CodeIgniter->runController(Object(App\Controllers\StudentController))
 7 SYSTEMPATH\CodeIgniter.php(354): CodeIgniter\CodeIgniter->handleRequest(null, Object(Config\Cache), false)
 8 SYSTEMPATH\Boot.php(363): CodeIgniter\CodeIgniter->run()
 9 SYSTEMPATH\Boot.php(68): CodeIgniter\Boot::runCodeIgniter(Object(CodeIgniter\CodeIgniter))
10 FCPATH\index.php(59): CodeIgniter\Boot::bootWeb(Object(Config\Paths))
CRITICAL - 2025-09-24 09:47:47 --> [Caused by] mysqli_sql_exception: Unknown column 'c.name' in 'field list'
in SYSTEMPATH\Database\MySQLi\Connection.php on line 327.
 1 SYSTEMPATH\Database\MySQLi\Connection.php(327): mysqli->query('SELECT `c`.`id`, `c`.`title`, `c`.`name`, `c`.`description`, `t`.`name` as `teacher_name`
FROM `enrollments` `e`
LEFT JOIN `courses` `c` ON `c`.`id` = `e`.`course_id`
LEFT JOIN `users` `t` ON `t`.`id` = `c`.`teacher_id`
WHERE `e`.`user_id` = 2
ORDER BY `c`.`title` ASC', 0)
 2 SYSTEMPATH\Database\BaseConnection.php(729): CodeIgniter\Database\MySQLi\Connection->execute('SELECT `c`.`id`, `c`.`title`, `c`.`name`, `c`.`description`, `t`.`name` as `teacher_name`
FROM `enrollments` `e`
LEFT JOIN `courses` `c` ON `c`.`id` = `e`.`course_id`
LEFT JOIN `users` `t` ON `t`.`id` = `c`.`teacher_id`
WHERE `e`.`user_id` = 2
ORDER BY `c`.`title` ASC')
 3 SYSTEMPATH\Database\BaseConnection.php(646): CodeIgniter\Database\BaseConnection->simpleQuery('SELECT `c`.`id`, `c`.`title`, `c`.`name`, `c`.`description`, `t`.`name` as `teacher_name`
FROM `enrollments` `e`
LEFT JOIN `courses` `c` ON `c`.`id` = `e`.`course_id`
LEFT JOIN `users` `t` ON `t`.`id` = `c`.`teacher_id`
WHERE `e`.`user_id` = 2
ORDER BY `c`.`title` ASC')
 4 SYSTEMPATH\Database\BaseBuilder.php(1649): CodeIgniter\Database\BaseConnection->query('SELECT `c`.`id`, `c`.`title`, `c`.`name`, `c`.`description`, `t`.`name` as `teacher_name`
FROM `enrollments` `e`
LEFT JOIN `courses` `c` ON `c`.`id` = `e`.`course_id`
LEFT JOIN `users` `t` ON `t`.`id` = `c`.`teacher_id`
WHERE `e`.`user_id` = :e.user_id:
ORDER BY `c`.`title` ASC', [...], false)
 5 APPPATH\Controllers\StudentController.php(31): CodeIgniter\Database\BaseBuilder->get()
 6 SYSTEMPATH\CodeIgniter.php(933): App\Controllers\StudentController->dashboard()
 7 SYSTEMPATH\CodeIgniter.php(507): CodeIgniter\CodeIgniter->runController(Object(App\Controllers\StudentController))
 8 SYSTEMPATH\CodeIgniter.php(354): CodeIgniter\CodeIgniter->handleRequest(null, Object(Config\Cache), false)
 9 SYSTEMPATH\Boot.php(363): CodeIgniter\CodeIgniter->run()
10 SYSTEMPATH\Boot.php(68): CodeIgniter\Boot::runCodeIgniter(Object(CodeIgniter\CodeIgniter))
11 FCPATH\index.php(59): CodeIgniter\Boot::bootWeb(Object(Config\Paths))
DEBUG - 2025-09-24 09:48:05 --> Session: Class initialized using 'CodeIgniter\Session\Handlers\FileHandler' driver.
DEBUG - 2025-09-24 09:48:05 --> Session: Class initialized using 'CodeIgniter\Session\Handlers\FileHandler' driver.
DEBUG - 2025-09-24 09:48:27 --> Session: Class initialized using 'CodeIgniter\Session\Handlers\FileHandler' driver.
DEBUG - 2025-09-24 09:48:27 --> Session: Class initialized using 'CodeIgniter\Session\Handlers\FileHandler' driver.
DEBUG - 2025-09-24 09:48:28 --> Session: Class initialized using 'CodeIgniter\Session\Handlers\FileHandler' driver.
DEBUG - 2025-09-24 09:48:30 --> Session: Class initialized using 'CodeIgniter\Session\Handlers\FileHandler' driver.
DEBUG - 2025-09-24 09:48:40 --> Session: Class initialized using 'CodeIgniter\Session\Handlers\FileHandler' driver.
DEBUG - 2025-09-24 09:48:41 --> Session: Class initialized using 'CodeIgniter\Session\Handlers\FileHandler' driver.
DEBUG - 2025-09-24 09:50:17 --> Session: Class initialized using 'CodeIgniter\Session\Handlers\FileHandler' driver.
DEBUG - 2025-09-24 09:50:20 --> Session: Class initialized using 'CodeIgniter\Session\Handlers\FileHandler' driver.
DEBUG - 2025-09-24 09:51:28 --> Session: Class initialized using 'CodeIgniter\Session\Handlers\FileHandler' driver.
DEBUG - 2025-09-24 09:51:30 --> Session: Class initialized using 'CodeIgniter\Session\Handlers\FileHandler' driver.
DEBUG - 2025-09-24 09:51:58 --> Session: Class initialized using 'CodeIgniter\Session\Handlers\FileHandler' driver.
DEBUG - 2025-09-24 09:52:18 --> Session: Class initialized using 'CodeIgniter\Session\Handlers\FileHandler' driver.
DEBUG - 2025-09-24 09:52:19 --> Session: Class initialized using 'CodeIgniter\Session\Handlers\FileHandler' driver.
DEBUG - 2025-09-24 09:52:26 --> Session: Class initialized using 'CodeIgniter\Session\Handlers\FileHandler' driver.
DEBUG - 2025-09-24 09:52:26 --> Session: Class initialized using 'CodeIgniter\Session\Handlers\FileHandler' driver.
ERROR - 2025-09-24 09:52:26 --> mysqli_sql_exception: Unknown column 'c.name' in 'field list' in C:\xampp\htdocs\ITE311-MARQUEZ\system\Database\MySQLi\Connection.php:327
Stack trace:
#0 C:\xampp\htdocs\ITE311-MARQUEZ\system\Database\MySQLi\Connection.php(327): mysqli->query('SELECT `c`.`id`...', 0)
#1 C:\xampp\htdocs\ITE311-MARQUEZ\system\Database\BaseConnection.php(729): CodeIgniter\Database\MySQLi\Connection->execute('SELECT `c`.`id`...')
#2 C:\xampp\htdocs\ITE311-MARQUEZ\system\Database\BaseConnection.php(646): CodeIgniter\Database\BaseConnection->simpleQuery('SELECT `c`.`id`...')
#3 C:\xampp\htdocs\ITE311-MARQUEZ\system\Database\BaseBuilder.php(1649): CodeIgniter\Database\BaseConnection->query('SELECT `c`.`id`...', Array, false)
#4 C:\xampp\htdocs\ITE311-MARQUEZ\app\Controllers\StudentController.php(31): CodeIgniter\Database\BaseBuilder->get()
#5 C:\xampp\htdocs\ITE311-MARQUEZ\system\CodeIgniter.php(933): App\Controllers\StudentController->dashboard()
#6 C:\xampp\htdocs\ITE311-MARQUEZ\system\CodeIgniter.php(507): CodeIgniter\CodeIgniter->runController(Object(App\Controllers\StudentController))
#7 C:\xampp\htdocs\ITE311-MARQUEZ\system\CodeIgniter.php(354): CodeIgniter\CodeIgniter->handleRequest(NULL, Object(Config\Cache), false)
#8 C:\xampp\htdocs\ITE311-MARQUEZ\system\Boot.php(363): CodeIgniter\CodeIgniter->run()
#9 C:\xampp\htdocs\ITE311-MARQUEZ\system\Boot.php(68): CodeIgniter\Boot::runCodeIgniter(Object(CodeIgniter\CodeIgniter))
#10 C:\xampp\htdocs\ITE311-MARQUEZ\index.php(59): CodeIgniter\Boot::bootWeb(Object(Config\Paths))
#11 {main}
CRITICAL - 2025-09-24 09:52:26 --> CodeIgniter\Database\Exceptions\DatabaseException: Unknown column 'c.name' in 'field list'
[Method: GET, Route: student/dashboard]
in SYSTEMPATH\Database\BaseConnection.php on line 684.
 1 SYSTEMPATH\Database\BaseBuilder.php(1649): CodeIgniter\Database\BaseConnection->query('SELECT `c`.`id`, `c`.`title`, `c`.`name`, `c`.`description`, `t`.`name` as `teacher_name`
FROM `enrollments` `e`
LEFT JOIN `courses` `c` ON `c`.`id` = `e`.`course_id`
LEFT JOIN `users` `t` ON `t`.`id` = `c`.`teacher_id`
WHERE `e`.`user_id` = :e.user_id:
ORDER BY `c`.`title` ASC', [...], false)
 2 APPPATH\Controllers\StudentController.php(31): CodeIgniter\Database\BaseBuilder->get()
 3 SYSTEMPATH\CodeIgniter.php(933): App\Controllers\StudentController->dashboard()
 4 SYSTEMPATH\CodeIgniter.php(507): CodeIgniter\CodeIgniter->runController(Object(App\Controllers\StudentController))
 5 SYSTEMPATH\CodeIgniter.php(354): CodeIgniter\CodeIgniter->handleRequest(null, Object(Config\Cache), false)
 6 SYSTEMPATH\Boot.php(363): CodeIgniter\CodeIgniter->run()
 7 SYSTEMPATH\Boot.php(68): CodeIgniter\Boot::runCodeIgniter(Object(CodeIgniter\CodeIgniter))
 8 FCPATH\index.php(59): CodeIgniter\Boot::bootWeb(Object(Config\Paths))
CRITICAL - 2025-09-24 09:52:26 --> [Caused by] CodeIgniter\Database\Exceptions\DatabaseException: Unknown column 'c.name' in 'field list'
in SYSTEMPATH\Database\MySQLi\Connection.php on line 332.
 1 SYSTEMPATH\Database\BaseConnection.php(729): CodeIgniter\Database\MySQLi\Connection->execute('SELECT `c`.`id`, `c`.`title`, `c`.`name`, `c`.`description`, `t`.`name` as `teacher_name`
FROM `enrollments` `e`
LEFT JOIN `courses` `c` ON `c`.`id` = `e`.`course_id`
LEFT JOIN `users` `t` ON `t`.`id` = `c`.`teacher_id`
WHERE `e`.`user_id` = 4
ORDER BY `c`.`title` ASC')
 2 SYSTEMPATH\Database\BaseConnection.php(646): CodeIgniter\Database\BaseConnection->simpleQuery('SELECT `c`.`id`, `c`.`title`, `c`.`name`, `c`.`description`, `t`.`name` as `teacher_name`
FROM `enrollments` `e`
LEFT JOIN `courses` `c` ON `c`.`id` = `e`.`course_id`
LEFT JOIN `users` `t` ON `t`.`id` = `c`.`teacher_id`
WHERE `e`.`user_id` = 4
ORDER BY `c`.`title` ASC')
 3 SYSTEMPATH\Database\BaseBuilder.php(1649): CodeIgniter\Database\BaseConnection->query('SELECT `c`.`id`, `c`.`title`, `c`.`name`, `c`.`description`, `t`.`name` as `teacher_name`
FROM `enrollments` `e`
LEFT JOIN `courses` `c` ON `c`.`id` = `e`.`course_id`
LEFT JOIN `users` `t` ON `t`.`id` = `c`.`teacher_id`
WHERE `e`.`user_id` = :e.user_id:
ORDER BY `c`.`title` ASC', [...], false)
 4 APPPATH\Controllers\StudentController.php(31): CodeIgniter\Database\BaseBuilder->get()
 5 SYSTEMPATH\CodeIgniter.php(933): App\Controllers\StudentController->dashboard()
 6 SYSTEMPATH\CodeIgniter.php(507): CodeIgniter\CodeIgniter->runController(Object(App\Controllers\StudentController))
 7 SYSTEMPATH\CodeIgniter.php(354): CodeIgniter\CodeIgniter->handleRequest(null, Object(Config\Cache), false)
 8 SYSTEMPATH\Boot.php(363): CodeIgniter\CodeIgniter->run()
 9 SYSTEMPATH\Boot.php(68): CodeIgniter\Boot::runCodeIgniter(Object(CodeIgniter\CodeIgniter))
10 FCPATH\index.php(59): CodeIgniter\Boot::bootWeb(Object(Config\Paths))
CRITICAL - 2025-09-24 09:52:26 --> [Caused by] mysqli_sql_exception: Unknown column 'c.name' in 'field list'
in SYSTEMPATH\Database\MySQLi\Connection.php on line 327.
 1 SYSTEMPATH\Database\MySQLi\Connection.php(327): mysqli->query('SELECT `c`.`id`, `c`.`title`, `c`.`name`, `c`.`description`, `t`.`name` as `teacher_name`
FROM `enrollments` `e`
LEFT JOIN `courses` `c` ON `c`.`id` = `e`.`course_id`
LEFT JOIN `users` `t` ON `t`.`id` = `c`.`teacher_id`
WHERE `e`.`user_id` = 4
ORDER BY `c`.`title` ASC', 0)
 2 SYSTEMPATH\Database\BaseConnection.php(729): CodeIgniter\Database\MySQLi\Connection->execute('SELECT `c`.`id`, `c`.`title`, `c`.`name`, `c`.`description`, `t`.`name` as `teacher_name`
FROM `enrollments` `e`
LEFT JOIN `courses` `c` ON `c`.`id` = `e`.`course_id`
LEFT JOIN `users` `t` ON `t`.`id` = `c`.`teacher_id`
WHERE `e`.`user_id` = 4
ORDER BY `c`.`title` ASC')
 3 SYSTEMPATH\Database\BaseConnection.php(646): CodeIgniter\Database\BaseConnection->simpleQuery('SELECT `c`.`id`, `c`.`title`, `c`.`name`, `c`.`description`, `t`.`name` as `teacher_name`
FROM `enrollments` `e`
LEFT JOIN `courses` `c` ON `c`.`id` = `e`.`course_id`
LEFT JOIN `users` `t` ON `t`.`id` = `c`.`teacher_id`
WHERE `e`.`user_id` = 4
ORDER BY `c`.`title` ASC')
 4 SYSTEMPATH\Database\BaseBuilder.php(1649): CodeIgniter\Database\BaseConnection->query('SELECT `c`.`id`, `c`.`title`, `c`.`name`, `c`.`description`, `t`.`name` as `teacher_name`
FROM `enrollments` `e`
LEFT JOIN `courses` `c` ON `c`.`id` = `e`.`course_id`
LEFT JOIN `users` `t` ON `t`.`id` = `c`.`teacher_id`
WHERE `e`.`user_id` = :e.user_id:
ORDER BY `c`.`title` ASC', [...], false)
 5 APPPATH\Controllers\StudentController.php(31): CodeIgniter\Database\BaseBuilder->get()
 6 SYSTEMPATH\CodeIgniter.php(933): App\Controllers\StudentController->dashboard()
 7 SYSTEMPATH\CodeIgniter.php(507): CodeIgniter\CodeIgniter->runController(Object(App\Controllers\StudentController))
 8 SYSTEMPATH\CodeIgniter.php(354): CodeIgniter\CodeIgniter->handleRequest(null, Object(Config\Cache), false)
 9 SYSTEMPATH\Boot.php(363): CodeIgniter\CodeIgniter->run()
10 SYSTEMPATH\Boot.php(68): CodeIgniter\Boot::runCodeIgniter(Object(CodeIgniter\CodeIgniter))
11 FCPATH\index.php(59): CodeIgniter\Boot::bootWeb(Object(Config\Paths))
DEBUG - 2025-09-24 09:55:42 --> Session: Class initialized using 'CodeIgniter\Session\Handlers\FileHandler' driver.
DEBUG - 2025-09-24 09:55:42 --> Session: Class initialized using 'CodeIgniter\Session\Handlers\FileHandler' driver.
DEBUG - 2025-09-24 09:55:50 --> Session: Class initialized using 'CodeIgniter\Session\Handlers\FileHandler' driver.
DEBUG - 2025-09-24 09:55:50 --> Session: Class initialized using 'CodeIgniter\Session\Handlers\FileHandler' driver.
DEBUG - 2025-09-24 09:55:59 --> Session: Class initialized using 'CodeIgniter\Session\Handlers\FileHandler' driver.
DEBUG - 2025-09-24 09:56:25 --> Session: Class initialized using 'CodeIgniter\Session\Handlers\FileHandler' driver.
DEBUG - 2025-09-24 09:56:25 --> Session: Class initialized using 'CodeIgniter\Session\Handlers\FileHandler' driver.
DEBUG - 2025-09-24 09:56:32 --> Session: Class initialized using 'CodeIgniter\Session\Handlers\FileHandler' driver.
DEBUG - 2025-09-24 09:56:32 --> Session: Class initialized using 'CodeIgniter\Session\Handlers\FileHandler' driver.
DEBUG - 2025-09-24 09:56:39 --> Session: Class initialized using 'CodeIgniter\Session\Handlers\FileHandler' driver.
DEBUG - 2025-09-24 09:56:41 --> Session: Class initialized using 'CodeIgniter\Session\Handlers\FileHandler' driver.
DEBUG - 2025-09-24 09:56:42 --> Session: Class initialized using 'CodeIgniter\Session\Handlers\FileHandler' driver.
DEBUG - 2025-09-24 09:56:43 --> Session: Class initialized using 'CodeIgniter\Session\Handlers\FileHandler' driver.
DEBUG - 2025-09-24 09:56:51 --> Session: Class initialized using 'CodeIgniter\Session\Handlers\FileHandler' driver.
DEBUG - 2025-09-24 09:56:51 --> Session: Class initialized using 'CodeIgniter\Session\Handlers\FileHandler' driver.
DEBUG - 2025-09-24 09:56:58 --> Session: Class initialized using 'CodeIgniter\Session\Handlers\FileHandler' driver.
DEBUG - 2025-09-24 09:56:58 --> Session: Class initialized using 'CodeIgniter\Session\Handlers\FileHandler' driver.
DEBUG - 2025-09-24 09:57:00 --> Session: Class initialized using 'CodeIgniter\Session\Handlers\FileHandler' driver.
DEBUG - 2025-09-24 09:57:00 --> Session: Class initialized using 'CodeIgniter\Session\Handlers\FileHandler' driver.
DEBUG - 2025-09-24 09:57:01 --> Session: Class initialized using 'CodeIgniter\Session\Handlers\FileHandler' driver.
DEBUG - 2025-09-24 09:57:02 --> Session: Class initialized using 'CodeIgniter\Session\Handlers\FileHandler' driver.
DEBUG - 2025-09-24 09:57:04 --> Session: Class initialized using 'CodeIgniter\Session\Handlers\FileHandler' driver.
DEBUG - 2025-09-24 09:57:05 --> Session: Class initialized using 'CodeIgniter\Session\Handlers\FileHandler' driver.
DEBUG - 2025-09-24 09:57:07 --> Session: Class initialized using 'CodeIgniter\Session\Handlers\FileHandler' driver.
DEBUG - 2025-09-24 09:57:36 --> Session: Class initialized using 'CodeIgniter\Session\Handlers\FileHandler' driver.
DEBUG - 2025-09-24 09:57:36 --> Session: Class initialized using 'CodeIgniter\Session\Handlers\FileHandler' driver.
DEBUG - 2025-09-24 09:57:41 --> Session: Class initialized using 'CodeIgniter\Session\Handlers\FileHandler' driver.
DEBUG - 2025-09-24 09:57:42 --> Session: Class initialized using 'CodeIgniter\Session\Handlers\FileHandler' driver.
DEBUG - 2025-09-24 09:57:59 --> Session: Class initialized using 'CodeIgniter\Session\Handlers\FileHandler' driver.
DEBUG - 2025-09-24 09:58:00 --> Session: Class initialized using 'CodeIgniter\Session\Handlers\FileHandler' driver.
DEBUG - 2025-09-24 09:58:00 --> Session: Class initialized using 'CodeIgniter\Session\Handlers\FileHandler' driver.
DEBUG - 2025-09-24 09:58:08 --> Session: Class initialized using 'CodeIgniter\Session\Handlers\FileHandler' driver.
DEBUG - 2025-09-24 09:58:08 --> Session: Class initialized using 'CodeIgniter\Session\Handlers\FileHandler' driver.
ERROR - 2025-09-24 09:58:08 --> mysqli_sql_exception: Unknown column 'c.name' in 'field list' in C:\xampp\htdocs\ITE311-MARQUEZ\system\Database\MySQLi\Connection.php:327
Stack trace:
#0 C:\xampp\htdocs\ITE311-MARQUEZ\system\Database\MySQLi\Connection.php(327): mysqli->query('SELECT `c`.`id`...', 0)
#1 C:\xampp\htdocs\ITE311-MARQUEZ\system\Database\BaseConnection.php(729): CodeIgniter\Database\MySQLi\Connection->execute('SELECT `c`.`id`...')
#2 C:\xampp\htdocs\ITE311-MARQUEZ\system\Database\BaseConnection.php(646): CodeIgniter\Database\BaseConnection->simpleQuery('SELECT `c`.`id`...')
#3 C:\xampp\htdocs\ITE311-MARQUEZ\system\Database\BaseBuilder.php(1649): CodeIgniter\Database\BaseConnection->query('SELECT `c`.`id`...', Array, false)
#4 C:\xampp\htdocs\ITE311-MARQUEZ\app\Controllers\StudentController.php(31): CodeIgniter\Database\BaseBuilder->get()
#5 C:\xampp\htdocs\ITE311-MARQUEZ\system\CodeIgniter.php(933): App\Controllers\StudentController->dashboard()
#6 C:\xampp\htdocs\ITE311-MARQUEZ\system\CodeIgniter.php(507): CodeIgniter\CodeIgniter->runController(Object(App\Controllers\StudentController))
#7 C:\xampp\htdocs\ITE311-MARQUEZ\system\CodeIgniter.php(354): CodeIgniter\CodeIgniter->handleRequest(NULL, Object(Config\Cache), false)
#8 C:\xampp\htdocs\ITE311-MARQUEZ\system\Boot.php(363): CodeIgniter\CodeIgniter->run()
#9 C:\xampp\htdocs\ITE311-MARQUEZ\system\Boot.php(68): CodeIgniter\Boot::runCodeIgniter(Object(CodeIgniter\CodeIgniter))
#10 C:\xampp\htdocs\ITE311-MARQUEZ\index.php(59): CodeIgniter\Boot::bootWeb(Object(Config\Paths))
#11 {main}
CRITICAL - 2025-09-24 09:58:08 --> CodeIgniter\Database\Exceptions\DatabaseException: Unknown column 'c.name' in 'field list'
[Method: GET, Route: student/dashboard]
in SYSTEMPATH\Database\BaseConnection.php on line 684.
 1 SYSTEMPATH\Database\BaseBuilder.php(1649): CodeIgniter\Database\BaseConnection->query('SELECT `c`.`id`, `c`.`title`, `c`.`name`, `c`.`description`, `t`.`name` as `teacher_name`
FROM `enrollments` `e`
LEFT JOIN `courses` `c` ON `c`.`id` = `e`.`course_id`
LEFT JOIN `users` `t` ON `t`.`id` = `c`.`teacher_id`
WHERE `e`.`user_id` = :e.user_id:
ORDER BY `c`.`title` ASC', [...], false)
 2 APPPATH\Controllers\StudentController.php(31): CodeIgniter\Database\BaseBuilder->get()
 3 SYSTEMPATH\CodeIgniter.php(933): App\Controllers\StudentController->dashboard()
 4 SYSTEMPATH\CodeIgniter.php(507): CodeIgniter\CodeIgniter->runController(Object(App\Controllers\StudentController))
 5 SYSTEMPATH\CodeIgniter.php(354): CodeIgniter\CodeIgniter->handleRequest(null, Object(Config\Cache), false)
 6 SYSTEMPATH\Boot.php(363): CodeIgniter\CodeIgniter->run()
 7 SYSTEMPATH\Boot.php(68): CodeIgniter\Boot::runCodeIgniter(Object(CodeIgniter\CodeIgniter))
 8 FCPATH\index.php(59): CodeIgniter\Boot::bootWeb(Object(Config\Paths))
CRITICAL - 2025-09-24 09:58:08 --> [Caused by] CodeIgniter\Database\Exceptions\DatabaseException: Unknown column 'c.name' in 'field list'
in SYSTEMPATH\Database\MySQLi\Connection.php on line 332.
 1 SYSTEMPATH\Database\BaseConnection.php(729): CodeIgniter\Database\MySQLi\Connection->execute('SELECT `c`.`id`, `c`.`title`, `c`.`name`, `c`.`description`, `t`.`name` as `teacher_name`
FROM `enrollments` `e`
LEFT JOIN `courses` `c` ON `c`.`id` = `e`.`course_id`
LEFT JOIN `users` `t` ON `t`.`id` = `c`.`teacher_id`
WHERE `e`.`user_id` = 4
ORDER BY `c`.`title` ASC')
 2 SYSTEMPATH\Database\BaseConnection.php(646): CodeIgniter\Database\BaseConnection->simpleQuery('SELECT `c`.`id`, `c`.`title`, `c`.`name`, `c`.`description`, `t`.`name` as `teacher_name`
FROM `enrollments` `e`
LEFT JOIN `courses` `c` ON `c`.`id` = `e`.`course_id`
LEFT JOIN `users` `t` ON `t`.`id` = `c`.`teacher_id`
WHERE `e`.`user_id` = 4
ORDER BY `c`.`title` ASC')
 3 SYSTEMPATH\Database\BaseBuilder.php(1649): CodeIgniter\Database\BaseConnection->query('SELECT `c`.`id`, `c`.`title`, `c`.`name`, `c`.`description`, `t`.`name` as `teacher_name`
FROM `enrollments` `e`
LEFT JOIN `courses` `c` ON `c`.`id` = `e`.`course_id`
LEFT JOIN `users` `t` ON `t`.`id` = `c`.`teacher_id`
WHERE `e`.`user_id` = :e.user_id:
ORDER BY `c`.`title` ASC', [...], false)
 4 APPPATH\Controllers\StudentController.php(31): CodeIgniter\Database\BaseBuilder->get()
 5 SYSTEMPATH\CodeIgniter.php(933): App\Controllers\StudentController->dashboard()
 6 SYSTEMPATH\CodeIgniter.php(507): CodeIgniter\CodeIgniter->runController(Object(App\Controllers\StudentController))
 7 SYSTEMPATH\CodeIgniter.php(354): CodeIgniter\CodeIgniter->handleRequest(null, Object(Config\Cache), false)
 8 SYSTEMPATH\Boot.php(363): CodeIgniter\CodeIgniter->run()
 9 SYSTEMPATH\Boot.php(68): CodeIgniter\Boot::runCodeIgniter(Object(CodeIgniter\CodeIgniter))
10 FCPATH\index.php(59): CodeIgniter\Boot::bootWeb(Object(Config\Paths))
CRITICAL - 2025-09-24 09:58:08 --> [Caused by] mysqli_sql_exception: Unknown column 'c.name' in 'field list'
in SYSTEMPATH\Database\MySQLi\Connection.php on line 327.
 1 SYSTEMPATH\Database\MySQLi\Connection.php(327): mysqli->query('SELECT `c`.`id`, `c`.`title`, `c`.`name`, `c`.`description`, `t`.`name` as `teacher_name`
FROM `enrollments` `e`
LEFT JOIN `courses` `c` ON `c`.`id` = `e`.`course_id`
LEFT JOIN `users` `t` ON `t`.`id` = `c`.`teacher_id`
WHERE `e`.`user_id` = 4
ORDER BY `c`.`title` ASC', 0)
 2 SYSTEMPATH\Database\BaseConnection.php(729): CodeIgniter\Database\MySQLi\Connection->execute('SELECT `c`.`id`, `c`.`title`, `c`.`name`, `c`.`description`, `t`.`name` as `teacher_name`
FROM `enrollments` `e`
LEFT JOIN `courses` `c` ON `c`.`id` = `e`.`course_id`
LEFT JOIN `users` `t` ON `t`.`id` = `c`.`teacher_id`
WHERE `e`.`user_id` = 4
ORDER BY `c`.`title` ASC')
 3 SYSTEMPATH\Database\BaseConnection.php(646): CodeIgniter\Database\BaseConnection->simpleQuery('SELECT `c`.`id`, `c`.`title`, `c`.`name`, `c`.`description`, `t`.`name` as `teacher_name`
FROM `enrollments` `e`
LEFT JOIN `courses` `c` ON `c`.`id` = `e`.`course_id`
LEFT JOIN `users` `t` ON `t`.`id` = `c`.`teacher_id`
WHERE `e`.`user_id` = 4
ORDER BY `c`.`title` ASC')
 4 SYSTEMPATH\Database\BaseBuilder.php(1649): CodeIgniter\Database\BaseConnection->query('SELECT `c`.`id`, `c`.`title`, `c`.`name`, `c`.`description`, `t`.`name` as `teacher_name`
FROM `enrollments` `e`
LEFT JOIN `courses` `c` ON `c`.`id` = `e`.`course_id`
LEFT JOIN `users` `t` ON `t`.`id` = `c`.`teacher_id`
WHERE `e`.`user_id` = :e.user_id:
ORDER BY `c`.`title` ASC', [...], false)
 5 APPPATH\Controllers\StudentController.php(31): CodeIgniter\Database\BaseBuilder->get()
 6 SYSTEMPATH\CodeIgniter.php(933): App\Controllers\StudentController->dashboard()
 7 SYSTEMPATH\CodeIgniter.php(507): CodeIgniter\CodeIgniter->runController(Object(App\Controllers\StudentController))
 8 SYSTEMPATH\CodeIgniter.php(354): CodeIgniter\CodeIgniter->handleRequest(null, Object(Config\Cache), false)
 9 SYSTEMPATH\Boot.php(363): CodeIgniter\CodeIgniter->run()
10 SYSTEMPATH\Boot.php(68): CodeIgniter\Boot::runCodeIgniter(Object(CodeIgniter\CodeIgniter))
11 FCPATH\index.php(59): CodeIgniter\Boot::bootWeb(Object(Config\Paths))
DEBUG - 2025-09-24 09:58:22 --> Session: Class initialized using 'CodeIgniter\Session\Handlers\FileHandler' driver.
DEBUG - 2025-09-24 09:58:22 --> Session: Class initialized using 'CodeIgniter\Session\Handlers\FileHandler' driver.
DEBUG - 2025-09-24 09:58:43 --> Session: Class initialized using 'CodeIgniter\Session\Handlers\FileHandler' driver.
DEBUG - 2025-09-24 09:58:43 --> Session: Class initialized using 'CodeIgniter\Session\Handlers\FileHandler' driver.
DEBUG - 2025-09-24 10:01:07 --> Session: Class initialized using 'CodeIgniter\Session\Handlers\FileHandler' driver.
DEBUG - 2025-09-24 10:01:07 --> Session: Class initialized using 'CodeIgniter\Session\Handlers\FileHandler' driver.
DEBUG - 2025-09-24 10:01:53 --> Session: Class initialized using 'CodeIgniter\Session\Handlers\FileHandler' driver.
DEBUG - 2025-09-24 10:01:53 --> Session: Class initialized using 'CodeIgniter\Session\Handlers\FileHandler' driver.
ERROR - 2025-09-24 10:01:53 --> mysqli_sql_exception: Unknown column 'c.name' in 'field list' in C:\xampp\htdocs\ITE311-MARQUEZ\system\Database\MySQLi\Connection.php:327
Stack trace:
#0 C:\xampp\htdocs\ITE311-MARQUEZ\system\Database\MySQLi\Connection.php(327): mysqli->query('SELECT `c`.`id`...', 0)
#1 C:\xampp\htdocs\ITE311-MARQUEZ\system\Database\BaseConnection.php(729): CodeIgniter\Database\MySQLi\Connection->execute('SELECT `c`.`id`...')
#2 C:\xampp\htdocs\ITE311-MARQUEZ\system\Database\BaseConnection.php(646): CodeIgniter\Database\BaseConnection->simpleQuery('SELECT `c`.`id`...')
#3 C:\xampp\htdocs\ITE311-MARQUEZ\system\Database\BaseBuilder.php(1649): CodeIgniter\Database\BaseConnection->query('SELECT `c`.`id`...', Array, false)
#4 C:\xampp\htdocs\ITE311-MARQUEZ\app\Controllers\StudentController.php(31): CodeIgniter\Database\BaseBuilder->get()
#5 C:\xampp\htdocs\ITE311-MARQUEZ\system\CodeIgniter.php(933): App\Controllers\StudentController->dashboard()
#6 C:\xampp\htdocs\ITE311-MARQUEZ\system\CodeIgniter.php(507): CodeIgniter\CodeIgniter->runController(Object(App\Controllers\StudentController))
#7 C:\xampp\htdocs\ITE311-MARQUEZ\system\CodeIgniter.php(354): CodeIgniter\CodeIgniter->handleRequest(NULL, Object(Config\Cache), false)
#8 C:\xampp\htdocs\ITE311-MARQUEZ\system\Boot.php(363): CodeIgniter\CodeIgniter->run()
#9 C:\xampp\htdocs\ITE311-MARQUEZ\system\Boot.php(68): CodeIgniter\Boot::runCodeIgniter(Object(CodeIgniter\CodeIgniter))
#10 C:\xampp\htdocs\ITE311-MARQUEZ\index.php(59): CodeIgniter\Boot::bootWeb(Object(Config\Paths))
#11 {main}
CRITICAL - 2025-09-24 10:01:53 --> CodeIgniter\Database\Exceptions\DatabaseException: Unknown column 'c.name' in 'field list'
[Method: GET, Route: student/dashboard]
in SYSTEMPATH\Database\BaseConnection.php on line 684.
 1 SYSTEMPATH\Database\BaseBuilder.php(1649): CodeIgniter\Database\BaseConnection->query('SELECT `c`.`id`, `c`.`title`, `c`.`name`, `c`.`description`, `t`.`name` as `teacher_name`
FROM `enrollments` `e`
LEFT JOIN `courses` `c` ON `c`.`id` = `e`.`course_id`
LEFT JOIN `users` `t` ON `t`.`id` = `c`.`teacher_id`
WHERE `e`.`user_id` = :e.user_id:
ORDER BY `c`.`title` ASC', [...], false)
 2 APPPATH\Controllers\StudentController.php(31): CodeIgniter\Database\BaseBuilder->get()
 3 SYSTEMPATH\CodeIgniter.php(933): App\Controllers\StudentController->dashboard()
 4 SYSTEMPATH\CodeIgniter.php(507): CodeIgniter\CodeIgniter->runController(Object(App\Controllers\StudentController))
 5 SYSTEMPATH\CodeIgniter.php(354): CodeIgniter\CodeIgniter->handleRequest(null, Object(Config\Cache), false)
 6 SYSTEMPATH\Boot.php(363): CodeIgniter\CodeIgniter->run()
 7 SYSTEMPATH\Boot.php(68): CodeIgniter\Boot::runCodeIgniter(Object(CodeIgniter\CodeIgniter))
 8 FCPATH\index.php(59): CodeIgniter\Boot::bootWeb(Object(Config\Paths))
CRITICAL - 2025-09-24 10:01:53 --> [Caused by] CodeIgniter\Database\Exceptions\DatabaseException: Unknown column 'c.name' in 'field list'
in SYSTEMPATH\Database\MySQLi\Connection.php on line 332.
 1 SYSTEMPATH\Database\BaseConnection.php(729): CodeIgniter\Database\MySQLi\Connection->execute('SELECT `c`.`id`, `c`.`title`, `c`.`name`, `c`.`description`, `t`.`name` as `teacher_name`
FROM `enrollments` `e`
LEFT JOIN `courses` `c` ON `c`.`id` = `e`.`course_id`
LEFT JOIN `users` `t` ON `t`.`id` = `c`.`teacher_id`
WHERE `e`.`user_id` = 4
ORDER BY `c`.`title` ASC')
 2 SYSTEMPATH\Database\BaseConnection.php(646): CodeIgniter\Database\BaseConnection->simpleQuery('SELECT `c`.`id`, `c`.`title`, `c`.`name`, `c`.`description`, `t`.`name` as `teacher_name`
FROM `enrollments` `e`
LEFT JOIN `courses` `c` ON `c`.`id` = `e`.`course_id`
LEFT JOIN `users` `t` ON `t`.`id` = `c`.`teacher_id`
WHERE `e`.`user_id` = 4
ORDER BY `c`.`title` ASC')
 3 SYSTEMPATH\Database\BaseBuilder.php(1649): CodeIgniter\Database\BaseConnection->query('SELECT `c`.`id`, `c`.`title`, `c`.`name`, `c`.`description`, `t`.`name` as `teacher_name`
FROM `enrollments` `e`
LEFT JOIN `courses` `c` ON `c`.`id` = `e`.`course_id`
LEFT JOIN `users` `t` ON `t`.`id` = `c`.`teacher_id`
WHERE `e`.`user_id` = :e.user_id:
ORDER BY `c`.`title` ASC', [...], false)
 4 APPPATH\Controllers\StudentController.php(31): CodeIgniter\Database\BaseBuilder->get()
 5 SYSTEMPATH\CodeIgniter.php(933): App\Controllers\StudentController->dashboard()
 6 SYSTEMPATH\CodeIgniter.php(507): CodeIgniter\CodeIgniter->runController(Object(App\Controllers\StudentController))
 7 SYSTEMPATH\CodeIgniter.php(354): CodeIgniter\CodeIgniter->handleRequest(null, Object(Config\Cache), false)
 8 SYSTEMPATH\Boot.php(363): CodeIgniter\CodeIgniter->run()
 9 SYSTEMPATH\Boot.php(68): CodeIgniter\Boot::runCodeIgniter(Object(CodeIgniter\CodeIgniter))
10 FCPATH\index.php(59): CodeIgniter\Boot::bootWeb(Object(Config\Paths))
CRITICAL - 2025-09-24 10:01:53 --> [Caused by] mysqli_sql_exception: Unknown column 'c.name' in 'field list'
in SYSTEMPATH\Database\MySQLi\Connection.php on line 327.
 1 SYSTEMPATH\Database\MySQLi\Connection.php(327): mysqli->query('SELECT `c`.`id`, `c`.`title`, `c`.`name`, `c`.`description`, `t`.`name` as `teacher_name`
FROM `enrollments` `e`
LEFT JOIN `courses` `c` ON `c`.`id` = `e`.`course_id`
LEFT JOIN `users` `t` ON `t`.`id` = `c`.`teacher_id`
WHERE `e`.`user_id` = 4
ORDER BY `c`.`title` ASC', 0)
 2 SYSTEMPATH\Database\BaseConnection.php(729): CodeIgniter\Database\MySQLi\Connection->execute('SELECT `c`.`id`, `c`.`title`, `c`.`name`, `c`.`description`, `t`.`name` as `teacher_name`
FROM `enrollments` `e`
LEFT JOIN `courses` `c` ON `c`.`id` = `e`.`course_id`
LEFT JOIN `users` `t` ON `t`.`id` = `c`.`teacher_id`
WHERE `e`.`user_id` = 4
ORDER BY `c`.`title` ASC')
 3 SYSTEMPATH\Database\BaseConnection.php(646): CodeIgniter\Database\BaseConnection->simpleQuery('SELECT `c`.`id`, `c`.`title`, `c`.`name`, `c`.`description`, `t`.`name` as `teacher_name`
FROM `enrollments` `e`
LEFT JOIN `courses` `c` ON `c`.`id` = `e`.`course_id`
LEFT JOIN `users` `t` ON `t`.`id` = `c`.`teacher_id`
WHERE `e`.`user_id` = 4
ORDER BY `c`.`title` ASC')
 4 SYSTEMPATH\Database\BaseBuilder.php(1649): CodeIgniter\Database\BaseConnection->query('SELECT `c`.`id`, `c`.`title`, `c`.`name`, `c`.`description`, `t`.`name` as `teacher_name`
FROM `enrollments` `e`
LEFT JOIN `courses` `c` ON `c`.`id` = `e`.`course_id`
LEFT JOIN `users` `t` ON `t`.`id` = `c`.`teacher_id`
WHERE `e`.`user_id` = :e.user_id:
ORDER BY `c`.`title` ASC', [...], false)
 5 APPPATH\Controllers\StudentController.php(31): CodeIgniter\Database\BaseBuilder->get()
 6 SYSTEMPATH\CodeIgniter.php(933): App\Controllers\StudentController->dashboard()
 7 SYSTEMPATH\CodeIgniter.php(507): CodeIgniter\CodeIgniter->runController(Object(App\Controllers\StudentController))
 8 SYSTEMPATH\CodeIgniter.php(354): CodeIgniter\CodeIgniter->handleRequest(null, Object(Config\Cache), false)
 9 SYSTEMPATH\Boot.php(363): CodeIgniter\CodeIgniter->run()
10 SYSTEMPATH\Boot.php(68): CodeIgniter\Boot::runCodeIgniter(Object(CodeIgniter\CodeIgniter))
11 FCPATH\index.php(59): CodeIgniter\Boot::bootWeb(Object(Config\Paths))
DEBUG - 2025-09-24 10:02:00 --> Session: Class initialized using 'CodeIgniter\Session\Handlers\FileHandler' driver.
DEBUG - 2025-09-24 10:02:00 --> Session: Class initialized using 'CodeIgniter\Session\Handlers\FileHandler' driver.
DEBUG - 2025-09-24 10:02:15 --> Session: Class initialized using 'CodeIgniter\Session\Handlers\FileHandler' driver.
DEBUG - 2025-09-24 10:02:15 --> Session: Class initialized using 'CodeIgniter\Session\Handlers\FileHandler' driver.
DEBUG - 2025-09-24 10:03:19 --> Session: Class initialized using 'CodeIgniter\Session\Handlers\FileHandler' driver.
DEBUG - 2025-09-24 10:03:19 --> Session: Class initialized using 'CodeIgniter\Session\Handlers\FileHandler' driver.
DEBUG - 2025-09-24 10:03:28 --> Session: Class initialized using 'CodeIgniter\Session\Handlers\FileHandler' driver.
DEBUG - 2025-09-24 10:03:28 --> Session: Class initialized using 'CodeIgniter\Session\Handlers\FileHandler' driver.
ERROR - 2025-09-24 10:03:28 --> mysqli_sql_exception: Unknown column 'c.name' in 'field list' in C:\xampp\htdocs\ITE311-MARQUEZ\system\Database\MySQLi\Connection.php:327
Stack trace:
#0 C:\xampp\htdocs\ITE311-MARQUEZ\system\Database\MySQLi\Connection.php(327): mysqli->query('SELECT `c`.`id`...', 0)
#1 C:\xampp\htdocs\ITE311-MARQUEZ\system\Database\BaseConnection.php(729): CodeIgniter\Database\MySQLi\Connection->execute('SELECT `c`.`id`...')
#2 C:\xampp\htdocs\ITE311-MARQUEZ\system\Database\BaseConnection.php(646): CodeIgniter\Database\BaseConnection->simpleQuery('SELECT `c`.`id`...')
#3 C:\xampp\htdocs\ITE311-MARQUEZ\system\Database\BaseBuilder.php(1649): CodeIgniter\Database\BaseConnection->query('SELECT `c`.`id`...', Array, false)
#4 C:\xampp\htdocs\ITE311-MARQUEZ\app\Controllers\StudentController.php(31): CodeIgniter\Database\BaseBuilder->get()
#5 C:\xampp\htdocs\ITE311-MARQUEZ\system\CodeIgniter.php(933): App\Controllers\StudentController->dashboard()
#6 C:\xampp\htdocs\ITE311-MARQUEZ\system\CodeIgniter.php(507): CodeIgniter\CodeIgniter->runController(Object(App\Controllers\StudentController))
#7 C:\xampp\htdocs\ITE311-MARQUEZ\system\CodeIgniter.php(354): CodeIgniter\CodeIgniter->handleRequest(NULL, Object(Config\Cache), false)
#8 C:\xampp\htdocs\ITE311-MARQUEZ\system\Boot.php(363): CodeIgniter\CodeIgniter->run()
#9 C:\xampp\htdocs\ITE311-MARQUEZ\system\Boot.php(68): CodeIgniter\Boot::runCodeIgniter(Object(CodeIgniter\CodeIgniter))
#10 C:\xampp\htdocs\ITE311-MARQUEZ\index.php(59): CodeIgniter\Boot::bootWeb(Object(Config\Paths))
#11 {main}
CRITICAL - 2025-09-24 10:03:28 --> CodeIgniter\Database\Exceptions\DatabaseException: Unknown column 'c.name' in 'field list'
[Method: GET, Route: student/dashboard]
in SYSTEMPATH\Database\BaseConnection.php on line 684.
 1 SYSTEMPATH\Database\BaseBuilder.php(1649): CodeIgniter\Database\BaseConnection->query('SELECT `c`.`id`, `c`.`title`, `c`.`name`, `c`.`description`, `t`.`name` as `teacher_name`
FROM `enrollments` `e`
LEFT JOIN `courses` `c` ON `c`.`id` = `e`.`course_id`
LEFT JOIN `users` `t` ON `t`.`id` = `c`.`teacher_id`
WHERE `e`.`user_id` = :e.user_id:
ORDER BY `c`.`title` ASC', [...], false)
 2 APPPATH\Controllers\StudentController.php(31): CodeIgniter\Database\BaseBuilder->get()
 3 SYSTEMPATH\CodeIgniter.php(933): App\Controllers\StudentController->dashboard()
 4 SYSTEMPATH\CodeIgniter.php(507): CodeIgniter\CodeIgniter->runController(Object(App\Controllers\StudentController))
 5 SYSTEMPATH\CodeIgniter.php(354): CodeIgniter\CodeIgniter->handleRequest(null, Object(Config\Cache), false)
 6 SYSTEMPATH\Boot.php(363): CodeIgniter\CodeIgniter->run()
 7 SYSTEMPATH\Boot.php(68): CodeIgniter\Boot::runCodeIgniter(Object(CodeIgniter\CodeIgniter))
 8 FCPATH\index.php(59): CodeIgniter\Boot::bootWeb(Object(Config\Paths))
CRITICAL - 2025-09-24 10:03:28 --> [Caused by] CodeIgniter\Database\Exceptions\DatabaseException: Unknown column 'c.name' in 'field list'
in SYSTEMPATH\Database\MySQLi\Connection.php on line 332.
 1 SYSTEMPATH\Database\BaseConnection.php(729): CodeIgniter\Database\MySQLi\Connection->execute('SELECT `c`.`id`, `c`.`title`, `c`.`name`, `c`.`description`, `t`.`name` as `teacher_name`
FROM `enrollments` `e`
LEFT JOIN `courses` `c` ON `c`.`id` = `e`.`course_id`
LEFT JOIN `users` `t` ON `t`.`id` = `c`.`teacher_id`
WHERE `e`.`user_id` = 4
ORDER BY `c`.`title` ASC')
 2 SYSTEMPATH\Database\BaseConnection.php(646): CodeIgniter\Database\BaseConnection->simpleQuery('SELECT `c`.`id`, `c`.`title`, `c`.`name`, `c`.`description`, `t`.`name` as `teacher_name`
FROM `enrollments` `e`
LEFT JOIN `courses` `c` ON `c`.`id` = `e`.`course_id`
LEFT JOIN `users` `t` ON `t`.`id` = `c`.`teacher_id`
WHERE `e`.`user_id` = 4
ORDER BY `c`.`title` ASC')
 3 SYSTEMPATH\Database\BaseBuilder.php(1649): CodeIgniter\Database\BaseConnection->query('SELECT `c`.`id`, `c`.`title`, `c`.`name`, `c`.`description`, `t`.`name` as `teacher_name`
FROM `enrollments` `e`
LEFT JOIN `courses` `c` ON `c`.`id` = `e`.`course_id`
LEFT JOIN `users` `t` ON `t`.`id` = `c`.`teacher_id`
WHERE `e`.`user_id` = :e.user_id:
ORDER BY `c`.`title` ASC', [...], false)
 4 APPPATH\Controllers\StudentController.php(31): CodeIgniter\Database\BaseBuilder->get()
 5 SYSTEMPATH\CodeIgniter.php(933): App\Controllers\StudentController->dashboard()
 6 SYSTEMPATH\CodeIgniter.php(507): CodeIgniter\CodeIgniter->runController(Object(App\Controllers\StudentController))
 7 SYSTEMPATH\CodeIgniter.php(354): CodeIgniter\CodeIgniter->handleRequest(null, Object(Config\Cache), false)
 8 SYSTEMPATH\Boot.php(363): CodeIgniter\CodeIgniter->run()
 9 SYSTEMPATH\Boot.php(68): CodeIgniter\Boot::runCodeIgniter(Object(CodeIgniter\CodeIgniter))
10 FCPATH\index.php(59): CodeIgniter\Boot::bootWeb(Object(Config\Paths))
CRITICAL - 2025-09-24 10:03:28 --> [Caused by] mysqli_sql_exception: Unknown column 'c.name' in 'field list'
in SYSTEMPATH\Database\MySQLi\Connection.php on line 327.
 1 SYSTEMPATH\Database\MySQLi\Connection.php(327): mysqli->query('SELECT `c`.`id`, `c`.`title`, `c`.`name`, `c`.`description`, `t`.`name` as `teacher_name`
FROM `enrollments` `e`
LEFT JOIN `courses` `c` ON `c`.`id` = `e`.`course_id`
LEFT JOIN `users` `t` ON `t`.`id` = `c`.`teacher_id`
WHERE `e`.`user_id` = 4
ORDER BY `c`.`title` ASC', 0)
 2 SYSTEMPATH\Database\BaseConnection.php(729): CodeIgniter\Database\MySQLi\Connection->execute('SELECT `c`.`id`, `c`.`title`, `c`.`name`, `c`.`description`, `t`.`name` as `teacher_name`
FROM `enrollments` `e`
LEFT JOIN `courses` `c` ON `c`.`id` = `e`.`course_id`
LEFT JOIN `users` `t` ON `t`.`id` = `c`.`teacher_id`
WHERE `e`.`user_id` = 4
ORDER BY `c`.`title` ASC')
 3 SYSTEMPATH\Database\BaseConnection.php(646): CodeIgniter\Database\BaseConnection->simpleQuery('SELECT `c`.`id`, `c`.`title`, `c`.`name`, `c`.`description`, `t`.`name` as `teacher_name`
FROM `enrollments` `e`
LEFT JOIN `courses` `c` ON `c`.`id` = `e`.`course_id`
LEFT JOIN `users` `t` ON `t`.`id` = `c`.`teacher_id`
WHERE `e`.`user_id` = 4
ORDER BY `c`.`title` ASC')
 4 SYSTEMPATH\Database\BaseBuilder.php(1649): CodeIgniter\Database\BaseConnection->query('SELECT `c`.`id`, `c`.`title`, `c`.`name`, `c`.`description`, `t`.`name` as `teacher_name`
FROM `enrollments` `e`
LEFT JOIN `courses` `c` ON `c`.`id` = `e`.`course_id`
LEFT JOIN `users` `t` ON `t`.`id` = `c`.`teacher_id`
WHERE `e`.`user_id` = :e.user_id:
ORDER BY `c`.`title` ASC', [...], false)
 5 APPPATH\Controllers\StudentController.php(31): CodeIgniter\Database\BaseBuilder->get()
 6 SYSTEMPATH\CodeIgniter.php(933): App\Controllers\StudentController->dashboard()
 7 SYSTEMPATH\CodeIgniter.php(507): CodeIgniter\CodeIgniter->runController(Object(App\Controllers\StudentController))
 8 SYSTEMPATH\CodeIgniter.php(354): CodeIgniter\CodeIgniter->handleRequest(null, Object(Config\Cache), false)
 9 SYSTEMPATH\Boot.php(363): CodeIgniter\CodeIgniter->run()
10 SYSTEMPATH\Boot.php(68): CodeIgniter\Boot::runCodeIgniter(Object(CodeIgniter\CodeIgniter))
11 FCPATH\index.php(59): CodeIgniter\Boot::bootWeb(Object(Config\Paths))
DEBUG - 2025-09-24 10:06:05 --> Session: Class initialized using 'CodeIgniter\Session\Handlers\FileHandler' driver.
DEBUG - 2025-09-24 10:06:05 --> Session: Class initialized using 'CodeIgniter\Session\Handlers\FileHandler' driver.
DEBUG - 2025-09-24 10:06:07 --> Session: Class initialized using 'CodeIgniter\Session\Handlers\FileHandler' driver.
DEBUG - 2025-09-24 10:06:08 --> Session: Class initialized using 'CodeIgniter\Session\Handlers\FileHandler' driver.
DEBUG - 2025-09-24 10:06:16 --> Session: Class initialized using 'CodeIgniter\Session\Handlers\FileHandler' driver.
DEBUG - 2025-09-24 10:06:16 --> Session: Class initialized using 'CodeIgniter\Session\Handlers\FileHandler' driver.
ERROR - 2025-09-24 10:06:16 --> mysqli_sql_exception: Unknown column 'c.name' in 'field list' in C:\xampp\htdocs\ITE311-MARQUEZ\system\Database\MySQLi\Connection.php:327
Stack trace:
#0 C:\xampp\htdocs\ITE311-MARQUEZ\system\Database\MySQLi\Connection.php(327): mysqli->query('SELECT `c`.`id`...', 0)
#1 C:\xampp\htdocs\ITE311-MARQUEZ\system\Database\BaseConnection.php(729): CodeIgniter\Database\MySQLi\Connection->execute('SELECT `c`.`id`...')
#2 C:\xampp\htdocs\ITE311-MARQUEZ\system\Database\BaseConnection.php(646): CodeIgniter\Database\BaseConnection->simpleQuery('SELECT `c`.`id`...')
#3 C:\xampp\htdocs\ITE311-MARQUEZ\system\Database\BaseBuilder.php(1649): CodeIgniter\Database\BaseConnection->query('SELECT `c`.`id`...', Array, false)
#4 C:\xampp\htdocs\ITE311-MARQUEZ\app\Controllers\StudentController.php(31): CodeIgniter\Database\BaseBuilder->get()
#5 C:\xampp\htdocs\ITE311-MARQUEZ\system\CodeIgniter.php(933): App\Controllers\StudentController->dashboard()
#6 C:\xampp\htdocs\ITE311-MARQUEZ\system\CodeIgniter.php(507): CodeIgniter\CodeIgniter->runController(Object(App\Controllers\StudentController))
#7 C:\xampp\htdocs\ITE311-MARQUEZ\system\CodeIgniter.php(354): CodeIgniter\CodeIgniter->handleRequest(NULL, Object(Config\Cache), false)
#8 C:\xampp\htdocs\ITE311-MARQUEZ\system\Boot.php(363): CodeIgniter\CodeIgniter->run()
#9 C:\xampp\htdocs\ITE311-MARQUEZ\system\Boot.php(68): CodeIgniter\Boot::runCodeIgniter(Object(CodeIgniter\CodeIgniter))
#10 C:\xampp\htdocs\ITE311-MARQUEZ\index.php(59): CodeIgniter\Boot::bootWeb(Object(Config\Paths))
#11 {main}
CRITICAL - 2025-09-24 10:06:16 --> CodeIgniter\Database\Exceptions\DatabaseException: Unknown column 'c.name' in 'field list'
[Method: GET, Route: student/dashboard]
in SYSTEMPATH\Database\BaseConnection.php on line 684.
 1 SYSTEMPATH\Database\BaseBuilder.php(1649): CodeIgniter\Database\BaseConnection->query('SELECT `c`.`id`, `c`.`title`, `c`.`name`, `c`.`description`, `t`.`name` as `teacher_name`
FROM `enrollments` `e`
LEFT JOIN `courses` `c` ON `c`.`id` = `e`.`course_id`
LEFT JOIN `users` `t` ON `t`.`id` = `c`.`teacher_id`
WHERE `e`.`user_id` = :e.user_id:
ORDER BY `c`.`title` ASC', [...], false)
 2 APPPATH\Controllers\StudentController.php(31): CodeIgniter\Database\BaseBuilder->get()
 3 SYSTEMPATH\CodeIgniter.php(933): App\Controllers\StudentController->dashboard()
 4 SYSTEMPATH\CodeIgniter.php(507): CodeIgniter\CodeIgniter->runController(Object(App\Controllers\StudentController))
 5 SYSTEMPATH\CodeIgniter.php(354): CodeIgniter\CodeIgniter->handleRequest(null, Object(Config\Cache), false)
 6 SYSTEMPATH\Boot.php(363): CodeIgniter\CodeIgniter->run()
 7 SYSTEMPATH\Boot.php(68): CodeIgniter\Boot::runCodeIgniter(Object(CodeIgniter\CodeIgniter))
 8 FCPATH\index.php(59): CodeIgniter\Boot::bootWeb(Object(Config\Paths))
CRITICAL - 2025-09-24 10:06:16 --> [Caused by] CodeIgniter\Database\Exceptions\DatabaseException: Unknown column 'c.name' in 'field list'
in SYSTEMPATH\Database\MySQLi\Connection.php on line 332.
 1 SYSTEMPATH\Database\BaseConnection.php(729): CodeIgniter\Database\MySQLi\Connection->execute('SELECT `c`.`id`, `c`.`title`, `c`.`name`, `c`.`description`, `t`.`name` as `teacher_name`
FROM `enrollments` `e`
LEFT JOIN `courses` `c` ON `c`.`id` = `e`.`course_id`
LEFT JOIN `users` `t` ON `t`.`id` = `c`.`teacher_id`
WHERE `e`.`user_id` = 4
ORDER BY `c`.`title` ASC')
 2 SYSTEMPATH\Database\BaseConnection.php(646): CodeIgniter\Database\BaseConnection->simpleQuery('SELECT `c`.`id`, `c`.`title`, `c`.`name`, `c`.`description`, `t`.`name` as `teacher_name`
FROM `enrollments` `e`
LEFT JOIN `courses` `c` ON `c`.`id` = `e`.`course_id`
LEFT JOIN `users` `t` ON `t`.`id` = `c`.`teacher_id`
WHERE `e`.`user_id` = 4
ORDER BY `c`.`title` ASC')
 3 SYSTEMPATH\Database\BaseBuilder.php(1649): CodeIgniter\Database\BaseConnection->query('SELECT `c`.`id`, `c`.`title`, `c`.`name`, `c`.`description`, `t`.`name` as `teacher_name`
FROM `enrollments` `e`
LEFT JOIN `courses` `c` ON `c`.`id` = `e`.`course_id`
LEFT JOIN `users` `t` ON `t`.`id` = `c`.`teacher_id`
WHERE `e`.`user_id` = :e.user_id:
ORDER BY `c`.`title` ASC', [...], false)
 4 APPPATH\Controllers\StudentController.php(31): CodeIgniter\Database\BaseBuilder->get()
 5 SYSTEMPATH\CodeIgniter.php(933): App\Controllers\StudentController->dashboard()
 6 SYSTEMPATH\CodeIgniter.php(507): CodeIgniter\CodeIgniter->runController(Object(App\Controllers\StudentController))
 7 SYSTEMPATH\CodeIgniter.php(354): CodeIgniter\CodeIgniter->handleRequest(null, Object(Config\Cache), false)
 8 SYSTEMPATH\Boot.php(363): CodeIgniter\CodeIgniter->run()
 9 SYSTEMPATH\Boot.php(68): CodeIgniter\Boot::runCodeIgniter(Object(CodeIgniter\CodeIgniter))
10 FCPATH\index.php(59): CodeIgniter\Boot::bootWeb(Object(Config\Paths))
CRITICAL - 2025-09-24 10:06:16 --> [Caused by] mysqli_sql_exception: Unknown column 'c.name' in 'field list'
in SYSTEMPATH\Database\MySQLi\Connection.php on line 327.
 1 SYSTEMPATH\Database\MySQLi\Connection.php(327): mysqli->query('SELECT `c`.`id`, `c`.`title`, `c`.`name`, `c`.`description`, `t`.`name` as `teacher_name`
FROM `enrollments` `e`
LEFT JOIN `courses` `c` ON `c`.`id` = `e`.`course_id`
LEFT JOIN `users` `t` ON `t`.`id` = `c`.`teacher_id`
WHERE `e`.`user_id` = 4
ORDER BY `c`.`title` ASC', 0)
 2 SYSTEMPATH\Database\BaseConnection.php(729): CodeIgniter\Database\MySQLi\Connection->execute('SELECT `c`.`id`, `c`.`title`, `c`.`name`, `c`.`description`, `t`.`name` as `teacher_name`
FROM `enrollments` `e`
LEFT JOIN `courses` `c` ON `c`.`id` = `e`.`course_id`
LEFT JOIN `users` `t` ON `t`.`id` = `c`.`teacher_id`
WHERE `e`.`user_id` = 4
ORDER BY `c`.`title` ASC')
 3 SYSTEMPATH\Database\BaseConnection.php(646): CodeIgniter\Database\BaseConnection->simpleQuery('SELECT `c`.`id`, `c`.`title`, `c`.`name`, `c`.`description`, `t`.`name` as `teacher_name`
FROM `enrollments` `e`
LEFT JOIN `courses` `c` ON `c`.`id` = `e`.`course_id`
LEFT JOIN `users` `t` ON `t`.`id` = `c`.`teacher_id`
WHERE `e`.`user_id` = 4
ORDER BY `c`.`title` ASC')
 4 SYSTEMPATH\Database\BaseBuilder.php(1649): CodeIgniter\Database\BaseConnection->query('SELECT `c`.`id`, `c`.`title`, `c`.`name`, `c`.`description`, `t`.`name` as `teacher_name`
FROM `enrollments` `e`
LEFT JOIN `courses` `c` ON `c`.`id` = `e`.`course_id`
LEFT JOIN `users` `t` ON `t`.`id` = `c`.`teacher_id`
WHERE `e`.`user_id` = :e.user_id:
ORDER BY `c`.`title` ASC', [...], false)
 5 APPPATH\Controllers\StudentController.php(31): CodeIgniter\Database\BaseBuilder->get()
 6 SYSTEMPATH\CodeIgniter.php(933): App\Controllers\StudentController->dashboard()
 7 SYSTEMPATH\CodeIgniter.php(507): CodeIgniter\CodeIgniter->runController(Object(App\Controllers\StudentController))
 8 SYSTEMPATH\CodeIgniter.php(354): CodeIgniter\CodeIgniter->handleRequest(null, Object(Config\Cache), false)
 9 SYSTEMPATH\Boot.php(363): CodeIgniter\CodeIgniter->run()
10 SYSTEMPATH\Boot.php(68): CodeIgniter\Boot::runCodeIgniter(Object(CodeIgniter\CodeIgniter))
11 FCPATH\index.php(59): CodeIgniter\Boot::bootWeb(Object(Config\Paths))
DEBUG - 2025-09-24 10:06:21 --> Session: Class initialized using 'CodeIgniter\Session\Handlers\FileHandler' driver.
DEBUG - 2025-09-24 10:06:21 --> Session: Class initialized using 'CodeIgniter\Session\Handlers\FileHandler' driver.
DEBUG - 2025-09-24 10:07:51 --> Session: Class initialized using 'CodeIgniter\Session\Handlers\FileHandler' driver.
DEBUG - 2025-09-24 10:07:51 --> Session: Class initialized using 'CodeIgniter\Session\Handlers\FileHandler' driver.
DEBUG - 2025-09-24 10:07:58 --> Session: Class initialized using 'CodeIgniter\Session\Handlers\FileHandler' driver.
DEBUG - 2025-09-24 10:07:58 --> Session: Class initialized using 'CodeIgniter\Session\Handlers\FileHandler' driver.
DEBUG - 2025-09-24 10:08:09 --> Session: Class initialized using 'CodeIgniter\Session\Handlers\FileHandler' driver.
DEBUG - 2025-09-24 10:08:09 --> Session: Class initialized using 'CodeIgniter\Session\Handlers\FileHandler' driver.
DEBUG - 2025-09-24 10:08:17 --> Session: Class initialized using 'CodeIgniter\Session\Handlers\FileHandler' driver.
DEBUG - 2025-09-24 10:08:17 --> Session: Class initialized using 'CodeIgniter\Session\Handlers\FileHandler' driver.
DEBUG - 2025-09-24 10:10:57 --> Session: Class initialized using 'CodeIgniter\Session\Handlers\FileHandler' driver.
DEBUG - 2025-09-24 10:10:59 --> Session: Class initialized using 'CodeIgniter\Session\Handlers\FileHandler' driver.
DEBUG - 2025-09-24 10:11:00 --> Session: Class initialized using 'CodeIgniter\Session\Handlers\FileHandler' driver.
DEBUG - 2025-09-24 10:11:01 --> Session: Class initialized using 'CodeIgniter\Session\Handlers\FileHandler' driver.
DEBUG - 2025-09-24 10:11:03 --> Session: Class initialized using 'CodeIgniter\Session\Handlers\FileHandler' driver.
DEBUG - 2025-09-24 10:11:03 --> Session: Class initialized using 'CodeIgniter\Session\Handlers\FileHandler' driver.
DEBUG - 2025-09-24 10:11:10 --> Session: Class initialized using 'CodeIgniter\Session\Handlers\FileHandler' driver.
DEBUG - 2025-09-24 10:11:10 --> Session: Class initialized using 'CodeIgniter\Session\Handlers\FileHandler' driver.
DEBUG - 2025-09-24 10:11:10 --> Session: Class initialized using 'CodeIgniter\Session\Handlers\FileHandler' driver.
DEBUG - 2025-09-24 10:11:12 --> Session: Class initialized using 'CodeIgniter\Session\Handlers\FileHandler' driver.
DEBUG - 2025-09-24 10:11:13 --> Session: Class initialized using 'CodeIgniter\Session\Handlers\FileHandler' driver.
DEBUG - 2025-09-24 10:11:16 --> Session: Class initialized using 'CodeIgniter\Session\Handlers\FileHandler' driver.
DEBUG - 2025-09-24 10:11:16 --> Session: Class initialized using 'CodeIgniter\Session\Handlers\FileHandler' driver.
DEBUG - 2025-09-24 10:11:17 --> Session: Class initialized using 'CodeIgniter\Session\Handlers\FileHandler' driver.
DEBUG - 2025-09-24 10:11:17 --> Session: Class initialized using 'CodeIgniter\Session\Handlers\FileHandler' driver.
DEBUG - 2025-09-24 10:11:18 --> Session: Class initialized using 'CodeIgniter\Session\Handlers\FileHandler' driver.
DEBUG - 2025-09-24 10:11:19 --> Session: Class initialized using 'CodeIgniter\Session\Handlers\FileHandler' driver.
DEBUG - 2025-09-24 10:11:26 --> Session: Class initialized using 'CodeIgniter\Session\Handlers\FileHandler' driver.
DEBUG - 2025-09-24 10:11:26 --> Session: Class initialized using 'CodeIgniter\Session\Handlers\FileHandler' driver.
DEBUG - 2025-09-24 10:11:26 --> Session: Class initialized using 'CodeIgniter\Session\Handlers\FileHandler' driver.
DEBUG - 2025-09-24 10:11:28 --> Session: Class initialized using 'CodeIgniter\Session\Handlers\FileHandler' driver.
DEBUG - 2025-09-24 10:11:29 --> Session: Class initialized using 'CodeIgniter\Session\Handlers\FileHandler' driver.
DEBUG - 2025-09-24 10:11:29 --> Session: Class initialized using 'CodeIgniter\Session\Handlers\FileHandler' driver.
DEBUG - 2025-09-24 10:11:29 --> Session: Class initialized using 'CodeIgniter\Session\Handlers\FileHandler' driver.
DEBUG - 2025-09-24 10:12:31 --> Session: Class initialized using 'CodeIgniter\Session\Handlers\FileHandler' driver.
DEBUG - 2025-09-24 10:12:31 --> Session: Class initialized using 'CodeIgniter\Session\Handlers\FileHandler' driver.
DEBUG - 2025-09-24 10:12:31 --> Session: Class initialized using 'CodeIgniter\Session\Handlers\FileHandler' driver.
DEBUG - 2025-09-24 10:12:35 --> Session: Class initialized using 'CodeIgniter\Session\Handlers\FileHandler' driver.
DEBUG - 2025-09-24 10:12:36 --> Session: Class initialized using 'CodeIgniter\Session\Handlers\FileHandler' driver.
DEBUG - 2025-09-24 10:12:36 --> Session: Class initialized using 'CodeIgniter\Session\Handlers\FileHandler' driver.
DEBUG - 2025-09-24 10:12:37 --> Session: Class initialized using 'CodeIgniter\Session\Handlers\FileHandler' driver.
DEBUG - 2025-09-24 10:12:42 --> Session: Class initialized using 'CodeIgniter\Session\Handlers\FileHandler' driver.
DEBUG - 2025-09-24 10:12:43 --> Session: Class initialized using 'CodeIgniter\Session\Handlers\FileHandler' driver.
DEBUG - 2025-09-24 10:12:46 --> Session: Class initialized using 'CodeIgniter\Session\Handlers\FileHandler' driver.
DEBUG - 2025-09-24 10:12:46 --> Session: Class initialized using 'CodeIgniter\Session\Handlers\FileHandler' driver.
DEBUG - 2025-09-24 10:12:46 --> Session: Class initialized using 'CodeIgniter\Session\Handlers\FileHandler' driver.
DEBUG - 2025-09-24 10:12:50 --> Session: Class initialized using 'CodeIgniter\Session\Handlers\FileHandler' driver.
DEBUG - 2025-09-24 10:12:50 --> Session: Class initialized using 'CodeIgniter\Session\Handlers\FileHandler' driver.
DEBUG - 2025-09-24 10:12:50 --> Session: Class initialized using 'CodeIgniter\Session\Handlers\FileHandler' driver.
DEBUG - 2025-09-24 10:13:02 --> Session: Class initialized using 'CodeIgniter\Session\Handlers\FileHandler' driver.
DEBUG - 2025-09-24 10:13:04 --> Session: Class initialized using 'CodeIgniter\Session\Handlers\FileHandler' driver.
DEBUG - 2025-09-24 10:13:04 --> Session: Class initialized using 'CodeIgniter\Session\Handlers\FileHandler' driver.
DEBUG - 2025-09-24 10:13:05 --> Session: Class initialized using 'CodeIgniter\Session\Handlers\FileHandler' driver.
DEBUG - 2025-09-24 10:13:06 --> Session: Class initialized using 'CodeIgniter\Session\Handlers\FileHandler' driver.
DEBUG - 2025-09-24 10:13:06 --> Session: Class initialized using 'CodeIgniter\Session\Handlers\FileHandler' driver.
DEBUG - 2025-09-24 10:13:30 --> Session: Class initialized using 'CodeIgniter\Session\Handlers\FileHandler' driver.
DEBUG - 2025-09-24 10:13:30 --> Session: Class initialized using 'CodeIgniter\Session\Handlers\FileHandler' driver.
DEBUG - 2025-09-24 10:13:32 --> Session: Class initialized using 'CodeIgniter\Session\Handlers\FileHandler' driver.
DEBUG - 2025-09-24 10:13:32 --> Session: Class initialized using 'CodeIgniter\Session\Handlers\FileHandler' driver.
DEBUG - 2025-09-24 10:13:50 --> Session: Class initialized using 'CodeIgniter\Session\Handlers\FileHandler' driver.
DEBUG - 2025-09-24 10:13:50 --> Session: Class initialized using 'CodeIgniter\Session\Handlers\FileHandler' driver.
ERROR - 2025-09-24 10:13:50 --> mysqli_sql_exception: Unknown column 'c.name' in 'field list' in C:\xampp\htdocs\ITE311-MARQUEZ\system\Database\MySQLi\Connection.php:327
Stack trace:
#0 C:\xampp\htdocs\ITE311-MARQUEZ\system\Database\MySQLi\Connection.php(327): mysqli->query('SELECT `c`.`id`...', 0)
#1 C:\xampp\htdocs\ITE311-MARQUEZ\system\Database\BaseConnection.php(729): CodeIgniter\Database\MySQLi\Connection->execute('SELECT `c`.`id`...')
#2 C:\xampp\htdocs\ITE311-MARQUEZ\system\Database\BaseConnection.php(646): CodeIgniter\Database\BaseConnection->simpleQuery('SELECT `c`.`id`...')
#3 C:\xampp\htdocs\ITE311-MARQUEZ\system\Database\BaseBuilder.php(1649): CodeIgniter\Database\BaseConnection->query('SELECT `c`.`id`...', Array, false)
#4 C:\xampp\htdocs\ITE311-MARQUEZ\app\Controllers\StudentController.php(31): CodeIgniter\Database\BaseBuilder->get()
#5 C:\xampp\htdocs\ITE311-MARQUEZ\system\CodeIgniter.php(933): App\Controllers\StudentController->dashboard()
#6 C:\xampp\htdocs\ITE311-MARQUEZ\system\CodeIgniter.php(507): CodeIgniter\CodeIgniter->runController(Object(App\Controllers\StudentController))
#7 C:\xampp\htdocs\ITE311-MARQUEZ\system\CodeIgniter.php(354): CodeIgniter\CodeIgniter->handleRequest(NULL, Object(Config\Cache), false)
#8 C:\xampp\htdocs\ITE311-MARQUEZ\system\Boot.php(363): CodeIgniter\CodeIgniter->run()
#9 C:\xampp\htdocs\ITE311-MARQUEZ\system\Boot.php(68): CodeIgniter\Boot::runCodeIgniter(Object(CodeIgniter\CodeIgniter))
#10 C:\xampp\htdocs\ITE311-MARQUEZ\index.php(59): CodeIgniter\Boot::bootWeb(Object(Config\Paths))
#11 {main}
CRITICAL - 2025-09-24 10:13:50 --> CodeIgniter\Database\Exceptions\DatabaseException: Unknown column 'c.name' in 'field list'
[Method: GET, Route: student/dashboard]
in SYSTEMPATH\Database\BaseConnection.php on line 684.
 1 SYSTEMPATH\Database\BaseBuilder.php(1649): CodeIgniter\Database\BaseConnection->query('SELECT `c`.`id`, `c`.`title`, `c`.`name`, `c`.`description`, `t`.`name` as `teacher_name`
FROM `enrollments` `e`
LEFT JOIN `courses` `c` ON `c`.`id` = `e`.`course_id`
LEFT JOIN `users` `t` ON `t`.`id` = `c`.`teacher_id`
WHERE `e`.`user_id` = :e.user_id:
ORDER BY `c`.`title` ASC', [...], false)
 2 APPPATH\Controllers\StudentController.php(31): CodeIgniter\Database\BaseBuilder->get()
 3 SYSTEMPATH\CodeIgniter.php(933): App\Controllers\StudentController->dashboard()
 4 SYSTEMPATH\CodeIgniter.php(507): CodeIgniter\CodeIgniter->runController(Object(App\Controllers\StudentController))
 5 SYSTEMPATH\CodeIgniter.php(354): CodeIgniter\CodeIgniter->handleRequest(null, Object(Config\Cache), false)
 6 SYSTEMPATH\Boot.php(363): CodeIgniter\CodeIgniter->run()
 7 SYSTEMPATH\Boot.php(68): CodeIgniter\Boot::runCodeIgniter(Object(CodeIgniter\CodeIgniter))
 8 FCPATH\index.php(59): CodeIgniter\Boot::bootWeb(Object(Config\Paths))
CRITICAL - 2025-09-24 10:13:50 --> [Caused by] CodeIgniter\Database\Exceptions\DatabaseException: Unknown column 'c.name' in 'field list'
in SYSTEMPATH\Database\MySQLi\Connection.php on line 332.
 1 SYSTEMPATH\Database\BaseConnection.php(729): CodeIgniter\Database\MySQLi\Connection->execute('SELECT `c`.`id`, `c`.`title`, `c`.`name`, `c`.`description`, `t`.`name` as `teacher_name`
FROM `enrollments` `e`
LEFT JOIN `courses` `c` ON `c`.`id` = `e`.`course_id`
LEFT JOIN `users` `t` ON `t`.`id` = `c`.`teacher_id`
WHERE `e`.`user_id` = 4
ORDER BY `c`.`title` ASC')
 2 SYSTEMPATH\Database\BaseConnection.php(646): CodeIgniter\Database\BaseConnection->simpleQuery('SELECT `c`.`id`, `c`.`title`, `c`.`name`, `c`.`description`, `t`.`name` as `teacher_name`
FROM `enrollments` `e`
LEFT JOIN `courses` `c` ON `c`.`id` = `e`.`course_id`
LEFT JOIN `users` `t` ON `t`.`id` = `c`.`teacher_id`
WHERE `e`.`user_id` = 4
ORDER BY `c`.`title` ASC')
 3 SYSTEMPATH\Database\BaseBuilder.php(1649): CodeIgniter\Database\BaseConnection->query('SELECT `c`.`id`, `c`.`title`, `c`.`name`, `c`.`description`, `t`.`name` as `teacher_name`
FROM `enrollments` `e`
LEFT JOIN `courses` `c` ON `c`.`id` = `e`.`course_id`
LEFT JOIN `users` `t` ON `t`.`id` = `c`.`teacher_id`
WHERE `e`.`user_id` = :e.user_id:
ORDER BY `c`.`title` ASC', [...], false)
 4 APPPATH\Controllers\StudentController.php(31): CodeIgniter\Database\BaseBuilder->get()
 5 SYSTEMPATH\CodeIgniter.php(933): App\Controllers\StudentController->dashboard()
 6 SYSTEMPATH\CodeIgniter.php(507): CodeIgniter\CodeIgniter->runController(Object(App\Controllers\StudentController))
 7 SYSTEMPATH\CodeIgniter.php(354): CodeIgniter\CodeIgniter->handleRequest(null, Object(Config\Cache), false)
 8 SYSTEMPATH\Boot.php(363): CodeIgniter\CodeIgniter->run()
 9 SYSTEMPATH\Boot.php(68): CodeIgniter\Boot::runCodeIgniter(Object(CodeIgniter\CodeIgniter))
10 FCPATH\index.php(59): CodeIgniter\Boot::bootWeb(Object(Config\Paths))
CRITICAL - 2025-09-24 10:13:50 --> [Caused by] mysqli_sql_exception: Unknown column 'c.name' in 'field list'
in SYSTEMPATH\Database\MySQLi\Connection.php on line 327.
 1 SYSTEMPATH\Database\MySQLi\Connection.php(327): mysqli->query('SELECT `c`.`id`, `c`.`title`, `c`.`name`, `c`.`description`, `t`.`name` as `teacher_name`
FROM `enrollments` `e`
LEFT JOIN `courses` `c` ON `c`.`id` = `e`.`course_id`
LEFT JOIN `users` `t` ON `t`.`id` = `c`.`teacher_id`
WHERE `e`.`user_id` = 4
ORDER BY `c`.`title` ASC', 0)
 2 SYSTEMPATH\Database\BaseConnection.php(729): CodeIgniter\Database\MySQLi\Connection->execute('SELECT `c`.`id`, `c`.`title`, `c`.`name`, `c`.`description`, `t`.`name` as `teacher_name`
FROM `enrollments` `e`
LEFT JOIN `courses` `c` ON `c`.`id` = `e`.`course_id`
LEFT JOIN `users` `t` ON `t`.`id` = `c`.`teacher_id`
WHERE `e`.`user_id` = 4
ORDER BY `c`.`title` ASC')
 3 SYSTEMPATH\Database\BaseConnection.php(646): CodeIgniter\Database\BaseConnection->simpleQuery('SELECT `c`.`id`, `c`.`title`, `c`.`name`, `c`.`description`, `t`.`name` as `teacher_name`
FROM `enrollments` `e`
LEFT JOIN `courses` `c` ON `c`.`id` = `e`.`course_id`
LEFT JOIN `users` `t` ON `t`.`id` = `c`.`teacher_id`
WHERE `e`.`user_id` = 4
ORDER BY `c`.`title` ASC')
 4 SYSTEMPATH\Database\BaseBuilder.php(1649): CodeIgniter\Database\BaseConnection->query('SELECT `c`.`id`, `c`.`title`, `c`.`name`, `c`.`description`, `t`.`name` as `teacher_name`
FROM `enrollments` `e`
LEFT JOIN `courses` `c` ON `c`.`id` = `e`.`course_id`
LEFT JOIN `users` `t` ON `t`.`id` = `c`.`teacher_id`
WHERE `e`.`user_id` = :e.user_id:
ORDER BY `c`.`title` ASC', [...], false)
 5 APPPATH\Controllers\StudentController.php(31): CodeIgniter\Database\BaseBuilder->get()
 6 SYSTEMPATH\CodeIgniter.php(933): App\Controllers\StudentController->dashboard()
 7 SYSTEMPATH\CodeIgniter.php(507): CodeIgniter\CodeIgniter->runController(Object(App\Controllers\StudentController))
 8 SYSTEMPATH\CodeIgniter.php(354): CodeIgniter\CodeIgniter->handleRequest(null, Object(Config\Cache), false)
 9 SYSTEMPATH\Boot.php(363): CodeIgniter\CodeIgniter->run()
10 SYSTEMPATH\Boot.php(68): CodeIgniter\Boot::runCodeIgniter(Object(CodeIgniter\CodeIgniter))
11 FCPATH\index.php(59): CodeIgniter\Boot::bootWeb(Object(Config\Paths))
DEBUG - 2025-09-24 10:15:04 --> Session: Class initialized using 'CodeIgniter\Session\Handlers\FileHandler' driver.
DEBUG - 2025-09-24 10:15:04 --> Session: Class initialized using 'CodeIgniter\Session\Handlers\FileHandler' driver.
DEBUG - 2025-09-24 10:15:18 --> Session: Class initialized using 'CodeIgniter\Session\Handlers\FileHandler' driver.
DEBUG - 2025-09-24 10:15:18 --> Session: Class initialized using 'CodeIgniter\Session\Handlers\FileHandler' driver.
DEBUG - 2025-09-24 10:16:03 --> Session: Class initialized using 'CodeIgniter\Session\Handlers\FileHandler' driver.
DEBUG - 2025-09-24 10:16:03 --> Session: Class initialized using 'CodeIgniter\Session\Handlers\FileHandler' driver.
ERROR - 2025-09-24 10:16:03 --> mysqli_sql_exception: Unknown column 'c.name' in 'field list' in C:\xampp\htdocs\ITE311-MARQUEZ\system\Database\MySQLi\Connection.php:327
Stack trace:
#0 C:\xampp\htdocs\ITE311-MARQUEZ\system\Database\MySQLi\Connection.php(327): mysqli->query('SELECT `c`.`id`...', 0)
#1 C:\xampp\htdocs\ITE311-MARQUEZ\system\Database\BaseConnection.php(729): CodeIgniter\Database\MySQLi\Connection->execute('SELECT `c`.`id`...')
#2 C:\xampp\htdocs\ITE311-MARQUEZ\system\Database\BaseConnection.php(646): CodeIgniter\Database\BaseConnection->simpleQuery('SELECT `c`.`id`...')
#3 C:\xampp\htdocs\ITE311-MARQUEZ\system\Database\BaseBuilder.php(1649): CodeIgniter\Database\BaseConnection->query('SELECT `c`.`id`...', Array, false)
#4 C:\xampp\htdocs\ITE311-MARQUEZ\app\Controllers\StudentController.php(31): CodeIgniter\Database\BaseBuilder->get()
#5 C:\xampp\htdocs\ITE311-MARQUEZ\system\CodeIgniter.php(933): App\Controllers\StudentController->dashboard()
#6 C:\xampp\htdocs\ITE311-MARQUEZ\system\CodeIgniter.php(507): CodeIgniter\CodeIgniter->runController(Object(App\Controllers\StudentController))
#7 C:\xampp\htdocs\ITE311-MARQUEZ\system\CodeIgniter.php(354): CodeIgniter\CodeIgniter->handleRequest(NULL, Object(Config\Cache), false)
#8 C:\xampp\htdocs\ITE311-MARQUEZ\system\Boot.php(363): CodeIgniter\CodeIgniter->run()
#9 C:\xampp\htdocs\ITE311-MARQUEZ\system\Boot.php(68): CodeIgniter\Boot::runCodeIgniter(Object(CodeIgniter\CodeIgniter))
#10 C:\xampp\htdocs\ITE311-MARQUEZ\index.php(59): CodeIgniter\Boot::bootWeb(Object(Config\Paths))
#11 {main}
CRITICAL - 2025-09-24 10:16:03 --> CodeIgniter\Database\Exceptions\DatabaseException: Unknown column 'c.name' in 'field list'
[Method: GET, Route: student/dashboard]
in SYSTEMPATH\Database\BaseConnection.php on line 684.
 1 SYSTEMPATH\Database\BaseBuilder.php(1649): CodeIgniter\Database\BaseConnection->query('SELECT `c`.`id`, `c`.`title`, `c`.`name`, `c`.`description`, `t`.`name` as `teacher_name`
FROM `enrollments` `e`
LEFT JOIN `courses` `c` ON `c`.`id` = `e`.`course_id`
LEFT JOIN `users` `t` ON `t`.`id` = `c`.`teacher_id`
WHERE `e`.`user_id` = :e.user_id:
ORDER BY `c`.`title` ASC', [...], false)
 2 APPPATH\Controllers\StudentController.php(31): CodeIgniter\Database\BaseBuilder->get()
 3 SYSTEMPATH\CodeIgniter.php(933): App\Controllers\StudentController->dashboard()
 4 SYSTEMPATH\CodeIgniter.php(507): CodeIgniter\CodeIgniter->runController(Object(App\Controllers\StudentController))
 5 SYSTEMPATH\CodeIgniter.php(354): CodeIgniter\CodeIgniter->handleRequest(null, Object(Config\Cache), false)
 6 SYSTEMPATH\Boot.php(363): CodeIgniter\CodeIgniter->run()
 7 SYSTEMPATH\Boot.php(68): CodeIgniter\Boot::runCodeIgniter(Object(CodeIgniter\CodeIgniter))
 8 FCPATH\index.php(59): CodeIgniter\Boot::bootWeb(Object(Config\Paths))
CRITICAL - 2025-09-24 10:16:03 --> [Caused by] CodeIgniter\Database\Exceptions\DatabaseException: Unknown column 'c.name' in 'field list'
in SYSTEMPATH\Database\MySQLi\Connection.php on line 332.
 1 SYSTEMPATH\Database\BaseConnection.php(729): CodeIgniter\Database\MySQLi\Connection->execute('SELECT `c`.`id`, `c`.`title`, `c`.`name`, `c`.`description`, `t`.`name` as `teacher_name`
FROM `enrollments` `e`
LEFT JOIN `courses` `c` ON `c`.`id` = `e`.`course_id`
LEFT JOIN `users` `t` ON `t`.`id` = `c`.`teacher_id`
WHERE `e`.`user_id` = 4
ORDER BY `c`.`title` ASC')
 2 SYSTEMPATH\Database\BaseConnection.php(646): CodeIgniter\Database\BaseConnection->simpleQuery('SELECT `c`.`id`, `c`.`title`, `c`.`name`, `c`.`description`, `t`.`name` as `teacher_name`
FROM `enrollments` `e`
LEFT JOIN `courses` `c` ON `c`.`id` = `e`.`course_id`
LEFT JOIN `users` `t` ON `t`.`id` = `c`.`teacher_id`
WHERE `e`.`user_id` = 4
ORDER BY `c`.`title` ASC')
 3 SYSTEMPATH\Database\BaseBuilder.php(1649): CodeIgniter\Database\BaseConnection->query('SELECT `c`.`id`, `c`.`title`, `c`.`name`, `c`.`description`, `t`.`name` as `teacher_name`
FROM `enrollments` `e`
LEFT JOIN `courses` `c` ON `c`.`id` = `e`.`course_id`
LEFT JOIN `users` `t` ON `t`.`id` = `c`.`teacher_id`
WHERE `e`.`user_id` = :e.user_id:
ORDER BY `c`.`title` ASC', [...], false)
 4 APPPATH\Controllers\StudentController.php(31): CodeIgniter\Database\BaseBuilder->get()
 5 SYSTEMPATH\CodeIgniter.php(933): App\Controllers\StudentController->dashboard()
 6 SYSTEMPATH\CodeIgniter.php(507): CodeIgniter\CodeIgniter->runController(Object(App\Controllers\StudentController))
 7 SYSTEMPATH\CodeIgniter.php(354): CodeIgniter\CodeIgniter->handleRequest(null, Object(Config\Cache), false)
 8 SYSTEMPATH\Boot.php(363): CodeIgniter\CodeIgniter->run()
 9 SYSTEMPATH\Boot.php(68): CodeIgniter\Boot::runCodeIgniter(Object(CodeIgniter\CodeIgniter))
10 FCPATH\index.php(59): CodeIgniter\Boot::bootWeb(Object(Config\Paths))
CRITICAL - 2025-09-24 10:16:03 --> [Caused by] mysqli_sql_exception: Unknown column 'c.name' in 'field list'
in SYSTEMPATH\Database\MySQLi\Connection.php on line 327.
 1 SYSTEMPATH\Database\MySQLi\Connection.php(327): mysqli->query('SELECT `c`.`id`, `c`.`title`, `c`.`name`, `c`.`description`, `t`.`name` as `teacher_name`
FROM `enrollments` `e`
LEFT JOIN `courses` `c` ON `c`.`id` = `e`.`course_id`
LEFT JOIN `users` `t` ON `t`.`id` = `c`.`teacher_id`
WHERE `e`.`user_id` = 4
ORDER BY `c`.`title` ASC', 0)
 2 SYSTEMPATH\Database\BaseConnection.php(729): CodeIgniter\Database\MySQLi\Connection->execute('SELECT `c`.`id`, `c`.`title`, `c`.`name`, `c`.`description`, `t`.`name` as `teacher_name`
FROM `enrollments` `e`
LEFT JOIN `courses` `c` ON `c`.`id` = `e`.`course_id`
LEFT JOIN `users` `t` ON `t`.`id` = `c`.`teacher_id`
WHERE `e`.`user_id` = 4
ORDER BY `c`.`title` ASC')
 3 SYSTEMPATH\Database\BaseConnection.php(646): CodeIgniter\Database\BaseConnection->simpleQuery('SELECT `c`.`id`, `c`.`title`, `c`.`name`, `c`.`description`, `t`.`name` as `teacher_name`
FROM `enrollments` `e`
LEFT JOIN `courses` `c` ON `c`.`id` = `e`.`course_id`
LEFT JOIN `users` `t` ON `t`.`id` = `c`.`teacher_id`
WHERE `e`.`user_id` = 4
ORDER BY `c`.`title` ASC')
 4 SYSTEMPATH\Database\BaseBuilder.php(1649): CodeIgniter\Database\BaseConnection->query('SELECT `c`.`id`, `c`.`title`, `c`.`name`, `c`.`description`, `t`.`name` as `teacher_name`
FROM `enrollments` `e`
LEFT JOIN `courses` `c` ON `c`.`id` = `e`.`course_id`
LEFT JOIN `users` `t` ON `t`.`id` = `c`.`teacher_id`
WHERE `e`.`user_id` = :e.user_id:
ORDER BY `c`.`title` ASC', [...], false)
 5 APPPATH\Controllers\StudentController.php(31): CodeIgniter\Database\BaseBuilder->get()
 6 SYSTEMPATH\CodeIgniter.php(933): App\Controllers\StudentController->dashboard()
 7 SYSTEMPATH\CodeIgniter.php(507): CodeIgniter\CodeIgniter->runController(Object(App\Controllers\StudentController))
 8 SYSTEMPATH\CodeIgniter.php(354): CodeIgniter\CodeIgniter->handleRequest(null, Object(Config\Cache), false)
 9 SYSTEMPATH\Boot.php(363): CodeIgniter\CodeIgniter->run()
10 SYSTEMPATH\Boot.php(68): CodeIgniter\Boot::runCodeIgniter(Object(CodeIgniter\CodeIgniter))
11 FCPATH\index.php(59): CodeIgniter\Boot::bootWeb(Object(Config\Paths))
DEBUG - 2025-09-24 10:16:13 --> Session: Class initialized using 'CodeIgniter\Session\Handlers\FileHandler' driver.
DEBUG - 2025-09-24 10:16:13 --> Session: Class initialized using 'CodeIgniter\Session\Handlers\FileHandler' driver.
DEBUG - 2025-09-24 10:20:26 --> Session: Class initialized using 'CodeIgniter\Session\Handlers\FileHandler' driver.
DEBUG - 2025-09-24 10:20:28 --> Session: Class initialized using 'CodeIgniter\Session\Handlers\FileHandler' driver.
DEBUG - 2025-09-24 10:20:28 --> Session: Class initialized using 'CodeIgniter\Session\Handlers\FileHandler' driver.
DEBUG - 2025-09-24 10:20:38 --> Session: Class initialized using 'CodeIgniter\Session\Handlers\FileHandler' driver.
DEBUG - 2025-09-24 10:20:38 --> Session: Class initialized using 'CodeIgniter\Session\Handlers\FileHandler' driver.
DEBUG - 2025-09-24 10:20:46 --> Session: Class initialized using 'CodeIgniter\Session\Handlers\FileHandler' driver.
DEBUG - 2025-09-24 10:20:47 --> Session: Class initialized using 'CodeIgniter\Session\Handlers\FileHandler' driver.
DEBUG - 2025-09-24 10:20:54 --> Session: Class initialized using 'CodeIgniter\Session\Handlers\FileHandler' driver.
DEBUG - 2025-09-24 10:20:54 --> Session: Class initialized using 'CodeIgniter\Session\Handlers\FileHandler' driver.
DEBUG - 2025-09-24 10:20:58 --> Session: Class initialized using 'CodeIgniter\Session\Handlers\FileHandler' driver.
DEBUG - 2025-09-24 10:20:58 --> Session: Class initialized using 'CodeIgniter\Session\Handlers\FileHandler' driver.
DEBUG - 2025-09-24 10:21:05 --> Session: Class initialized using 'CodeIgniter\Session\Handlers\FileHandler' driver.
DEBUG - 2025-09-24 10:21:05 --> Session: Class initialized using 'CodeIgniter\Session\Handlers\FileHandler' driver.
DEBUG - 2025-09-24 10:21:13 --> Session: Class initialized using 'CodeIgniter\Session\Handlers\FileHandler' driver.
DEBUG - 2025-09-24 10:21:14 --> Session: Class initialized using 'CodeIgniter\Session\Handlers\FileHandler' driver.
DEBUG - 2025-09-24 10:21:16 --> Session: Class initialized using 'CodeIgniter\Session\Handlers\FileHandler' driver.
DEBUG - 2025-09-24 10:21:16 --> Session: Class initialized using 'CodeIgniter\Session\Handlers\FileHandler' driver.
DEBUG - 2025-09-24 10:21:17 --> Session: Class initialized using 'CodeIgniter\Session\Handlers\FileHandler' driver.
DEBUG - 2025-09-24 10:21:17 --> Session: Class initialized using 'CodeIgniter\Session\Handlers\FileHandler' driver.
DEBUG - 2025-09-24 10:21:17 --> Session: Class initialized using 'CodeIgniter\Session\Handlers\FileHandler' driver.
DEBUG - 2025-09-24 10:22:33 --> Session: Class initialized using 'CodeIgniter\Session\Handlers\FileHandler' driver.
DEBUG - 2025-09-24 10:22:35 --> Session: Class initialized using 'CodeIgniter\Session\Handlers\FileHandler' driver.
DEBUG - 2025-09-24 10:22:35 --> Session: Class initialized using 'CodeIgniter\Session\Handlers\FileHandler' driver.
DEBUG - 2025-09-24 10:22:36 --> Session: Class initialized using 'CodeIgniter\Session\Handlers\FileHandler' driver.
DEBUG - 2025-09-24 10:22:36 --> Session: Class initialized using 'CodeIgniter\Session\Handlers\FileHandler' driver.
DEBUG - 2025-09-24 10:26:09 --> Session: Class initialized using 'CodeIgniter\Session\Handlers\FileHandler' driver.
DEBUG - 2025-09-24 10:26:09 --> Session: Class initialized using 'CodeIgniter\Session\Handlers\FileHandler' driver.
DEBUG - 2025-09-24 10:26:58 --> Session: Class initialized using 'CodeIgniter\Session\Handlers\FileHandler' driver.
DEBUG - 2025-09-24 10:26:58 --> Session: Class initialized using 'CodeIgniter\Session\Handlers\FileHandler' driver.
DEBUG - 2025-09-24 10:27:11 --> Session: Class initialized using 'CodeIgniter\Session\Handlers\FileHandler' driver.
DEBUG - 2025-09-24 10:27:11 --> Session: Class initialized using 'CodeIgniter\Session\Handlers\FileHandler' driver.
DEBUG - 2025-09-24 10:29:14 --> Session: Class initialized using 'CodeIgniter\Session\Handlers\FileHandler' driver.
DEBUG - 2025-09-24 10:29:15 --> Session: Class initialized using 'CodeIgniter\Session\Handlers\FileHandler' driver.
DEBUG - 2025-09-24 10:29:27 --> Session: Class initialized using 'CodeIgniter\Session\Handlers\FileHandler' driver.
DEBUG - 2025-09-24 10:29:28 --> Session: Class initialized using 'CodeIgniter\Session\Handlers\FileHandler' driver.
DEBUG - 2025-09-24 10:31:54 --> Session: Class initialized using 'CodeIgniter\Session\Handlers\FileHandler' driver.
DEBUG - 2025-09-24 10:32:34 --> Session: Class initialized using 'CodeIgniter\Session\Handlers\FileHandler' driver.
DEBUG - 2025-09-24 10:32:45 --> Session: Class initialized using 'CodeIgniter\Session\Handlers\FileHandler' driver.
DEBUG - 2025-09-24 10:32:45 --> Session: Class initialized using 'CodeIgniter\Session\Handlers\FileHandler' driver.
DEBUG - 2025-09-24 10:32:52 --> Session: Class initialized using 'CodeIgniter\Session\Handlers\FileHandler' driver.
DEBUG - 2025-09-24 10:32:52 --> Session: Class initialized using 'CodeIgniter\Session\Handlers\FileHandler' driver.
DEBUG - 2025-09-24 10:33:08 --> Session: Class initialized using 'CodeIgniter\Session\Handlers\FileHandler' driver.
DEBUG - 2025-09-24 10:33:10 --> Session: Class initialized using 'CodeIgniter\Session\Handlers\FileHandler' driver.
DEBUG - 2025-09-24 10:33:34 --> Session: Class initialized using 'CodeIgniter\Session\Handlers\FileHandler' driver.
DEBUG - 2025-09-24 10:33:35 --> Session: Class initialized using 'CodeIgniter\Session\Handlers\FileHandler' driver.
DEBUG - 2025-09-24 10:33:41 --> Session: Class initialized using 'CodeIgniter\Session\Handlers\FileHandler' driver.
DEBUG - 2025-09-24 10:33:42 --> Session: Class initialized using 'CodeIgniter\Session\Handlers\FileHandler' driver.
